L 03/07/2025 - 20:29:51: Log file started (file "logs/L0307007.log") (game "/home/dmitrii/steamcmd/nmrih_server/nmrih") (version "1140")
L 03/07/2025 - 20:29:55: "PerlaMocna<22><[U:1:1121017625]><>" entered the game
L 03/07/2025 - 20:29:55: "Apolo<26><[U:1:315003678]><>" entered the game
L 03/07/2025 - 20:29:56: "Maktraher<28><[U:1:1842408078]><>" entered the game
L 03/07/2025 - 20:30:03: "Alt<25><[U:1:1772998671]><>" entered the game
L 03/07/2025 - 20:30:06: "WarbringerX<27><[U:1:1842066156]><>" entered the game
L 03/07/2025 - 20:30:23: "PerlaMocna<22><[U:1:1121017625]><#SDK_Team_Unassigned>" say "are u listening to sth now guys?"
L 03/07/2025 - 20:30:32: "Secco<29><[U:1:209214385]><>" connected, address "79.45.180.127:58897"
L 03/07/2025 - 20:30:32: "Secco<29><[U:1:209214385]><>" STEAM USERID validated
L 03/07/2025 - 20:30:55: "Apolo<26><[U:1:315003678]><#SDK_Team_Unassigned>" say "oh nice"
L 03/07/2025 - 20:30:59: "Apolo<26><[U:1:315003678]><#SDK_Team_Unassigned>" say "we riding with the gang"
L 03/07/2025 - 20:31:04: "Secco<29><[U:1:209214385]><>" entered the game
L 03/07/2025 - 20:31:14: "PerlaMocna<22><[U:1:1121017625]><#SDK_Team_Unassigned>" say "all we had to do was to follow the damn train CJ!"
L 03/07/2025 - 20:31:18: "Apolo<26><[U:1:315003678]><#SDK_Team_Unassigned>" say "HAHAHA"
L 03/07/2025 - 20:31:23: "WarbringerX<27><[U:1:1842066156]><#SDK_Team_Unassigned>" say "lol"
L 03/07/2025 - 20:31:27: "Apolo<26><[U:1:315003678]><#SDK_Team_Unassigned>" say "lets goooo"
L 03/07/2025 - 20:31:32: "Alt<25><[U:1:1772998671]><#SDK_Team_Unassigned>" say "we need to defence arias"
L 03/07/2025 - 20:31:41: "Apolo<26><[U:1:315003678]><#SDK_Team_Unassigned>" say "oh "
L 03/07/2025 - 20:31:47: "Apolo<26><[U:1:315003678]><#SDK_Team_Unassigned>" say "ok get ready to defend"
L 03/07/2025 - 20:31:51: "PerlaMocna<22><[U:1:1121017625]><#SDK_Team_Unassigned>" say "there are lots of planks"
L 03/07/2025 - 20:31:53: "Apolo<26><[U:1:315003678]><#SDK_Team_Unassigned>" say "with C you see the two zones"
L 03/07/2025 - 20:31:53: "Alt<25><[U:1:1772998671]><#SDK_Team_Unassigned>" say "teke hummers"
L 03/07/2025 - 20:32:04: "PerlaMocna<22><[U:1:1121017625]><#SDK_Team_Unassigned>" say "cant find any"
L 03/07/2025 - 20:32:23: "Apolo<26><[U:1:315003678]><#SDK_Team_Unassigned>" say "DO NOT close doors"
L 03/07/2025 - 20:32:26: "Apolo<26><[U:1:315003678]><#SDK_Team_Unassigned>" say "only windows"
L 03/07/2025 - 20:33:06: "PerlaMocna<22><[U:1:1121017625]><#SDK_Team_Unassigned>" say "alr got hammer"
L 03/07/2025 - 20:33:23: "Apolo<26><[U:1:315003678]><#SDK_Team_Unassigned>" say "Defend!!!"
L 03/07/2025 - 20:33:44: "Apolo<26><[U:1:315003678]><#SDK_Team_Unassigned>" say "Good job"
L 03/07/2025 - 20:34:05: "Apolo<26><[U:1:315003678]><#SDK_Team_Unassigned>" say "find weapons and come to A site"
L 03/07/2025 - 20:34:10: "Apolo<26><[U:1:315003678]><#SDK_Team_Unassigned>" say "you can see the sites with C"
L 03/07/2025 - 20:34:21: "Apolo<26><[U:1:315003678]><#SDK_Team_Unassigned>" say "do not worry about B"
L 03/07/2025 - 20:34:26: "PerlaMocna<22><[U:1:1121017625]><>" committed suicide with "world"
L 03/07/2025 - 20:35:42: "PerlaMocna<22><[U:1:1121017625]><#SDK_Team_Unassigned>" say "does flare gun do sth?"
L 03/07/2025 - 20:35:48: "Apolo<26><[U:1:315003678]><#SDK_Team_Unassigned>" say "yeah, it burn zombies on fire"
L 03/07/2025 - 20:36:31: "PerlaMocna<22><[U:1:1121017625]><#SDK_Team_Unassigned>" say "found a frag"
L 03/07/2025 - 20:36:42: "Secco<29><[U:1:209214385]><>" committed suicide with "world"
L 03/07/2025 - 20:36:53: "PerlaMocna<22><[U:1:1121017625]><>" committed suicide with "world"
L 03/07/2025 - 20:37:04: "Apolo<26><[U:1:315003678]><>" committed suicide with "world"
L 03/07/2025 - 20:37:37: "WarbringerX<27><[U:1:1842066156]><>" committed suicide with "player"
L 03/07/2025 - 20:38:14: "Apolo<26><[U:1:315003678]><#SDK_Team_Unassigned>" say "eventually"
L 03/07/2025 - 20:38:14: "Alt<25><[U:1:1772998671]><>" committed suicide with "world"
L 03/07/2025 - 20:38:17: "Apolo<26><[U:1:315003678]><#SDK_Team_Unassigned>" say "we will get an airdrop"
L 03/07/2025 - 20:38:29: "Apolo<26><[U:1:315003678]><#SDK_Team_Unassigned>" say "we have to survive some waves"
L 03/07/2025 - 20:40:23: "PerlaMocna<22><[U:1:1121017625]><#SDK_Team_Unassigned>" say "got infected again"
L 03/07/2025 - 20:40:25: "Apolo<26><[U:1:315003678]><#SDK_Team_Unassigned>" say "stay together"
L 03/07/2025 - 20:40:33: "Apolo<26><[U:1:315003678]><#SDK_Team_Unassigned>" say "use V to push away the zombies"
L 03/07/2025 - 20:40:51: "Apolo<26><[U:1:315003678]><#SDK_Team_Unassigned>" say "hit on head"
L 03/07/2025 - 20:40:53: "PerlaMocna<22><[U:1:1121017625]><#SDK_Team_Unassigned>" say "yea i know now but nigga jumped me from behind"
L 03/07/2025 - 20:40:56: "Apolo<26><[U:1:315003678]><#SDK_Team_Unassigned>" say "XD"
L 03/07/2025 - 20:41:02: "Apolo<26><[U:1:315003678]><#SDK_Team_Unassigned>" say "it happens"
L 03/07/2025 - 20:41:05: "PerlaMocna<22><[U:1:1121017625]><>" committed suicide with "world"
L 03/07/2025 - 20:43:09: "kubazombie:)<30><[U:1:1355020782]><>" connected, address "31.0.51.116:37667"
L 03/07/2025 - 20:43:10: "kubazombie:)<30><[U:1:1355020782]><>" STEAM USERID validated
L 03/07/2025 - 20:43:15: "Apolo<26><[U:1:315003678]><#SDK_Team_Unassigned>" say "we can do this"
L 03/07/2025 - 20:43:17: "kubazombie:)<30><[U:1:1355020782]><>" entered the game
L 03/07/2025 - 20:43:23: "Apolo<26><[U:1:315003678]><#SDK_Team_Unassigned>" say "we're near an airdrop"
L 03/07/2025 - 20:45:28: "Apolo<26><[U:1:315003678]><#SDK_Team_Unassigned>" say "NICE"
L 03/07/2025 - 20:45:30: "Apolo<26><[U:1:315003678]><#SDK_Team_Unassigned>" say "airdrop"
L 03/07/2025 - 20:45:31: "Apolo<26><[U:1:315003678]><#SDK_Team_Unassigned>" say "get it!"
L 03/07/2025 - 20:45:37: "Apolo<26><[U:1:315003678]><#SDK_Team_Unassigned>" say "go go go"
L 03/07/2025 - 20:45:55: "Apolo<26><[U:1:315003678]><#SDK_Team_Unassigned>" say "take only what you will use"
L 03/07/2025 - 20:45:59: "Apolo<26><[U:1:315003678]><#SDK_Team_Unassigned>" say "not everything xD"
L 03/07/2025 - 20:46:44: "PerlaMocna<22><[U:1:1121017625]><#SDK_Team_Unassigned>" say "anyone got 12 guage?"
L 03/07/2025 - 20:47:23: "Secco<29><[U:1:209214385]><>" committed suicide with "world"
L 03/07/2025 - 20:47:32: "MrLopess<31><[U:1:1457701758]><>" connected, address "168.205.194.11:16195"
L 03/07/2025 - 20:47:32: "MrLopess<31><[U:1:1457701758]><>" STEAM USERID validated
L 03/07/2025 - 20:47:36: "Alt<25><[U:1:1772998671]><>" committed suicide with "world"
L 03/07/2025 - 20:47:53: "MrLopess<31><[U:1:1457701758]><>" entered the game
L 03/07/2025 - 20:48:02: "Secco<29><[U:1:209214385]><>" committed suicide with "world"
L 03/07/2025 - 20:49:05: "Secco<29><[U:1:209214385]><>" committed suicide with "world"
L 03/07/2025 - 20:51:39: "Apolo<26><[U:1:315003678]><>" committed suicide with "world"
L 03/07/2025 - 20:53:09: "Apolo<26><[U:1:315003678]><>" committed suicide with "player"
L 03/07/2025 - 20:53:20: "Alt<25><[U:1:1772998671]><>" committed suicide with "player"
L 03/07/2025 - 20:54:32: "MrLopess<31><[U:1:1457701758]><>" committed suicide with "world"
L 03/07/2025 - 20:54:38: "MrLopess<31><[U:1:1457701758]><#SDK_Team_Unassigned>" disconnected (reason "Disconnect by user.")
L 03/07/2025 - 20:54:38: "MrLopess<31><[U:1:1457701758]><>" committed suicide with "player"
L 03/07/2025 - 20:55:19: "WarbringerX<27><[U:1:1842066156]><>" committed suicide with "player"
L 03/07/2025 - 20:55:48: "Apolo<26><[U:1:315003678]><>" killed "kubazombie:)<30><[U:1:1355020782]><>"
L 03/07/2025 - 20:56:09: "GuardPug.Alex<32><[U:1:1591445579]><>" connected, address "185.202.84.8:27005"
L 03/07/2025 - 20:56:09: "GuardPug.Alex<32><[U:1:1591445579]><>" STEAM USERID validated
L 03/07/2025 - 20:56:24: "GuardPug.Alex<32><[U:1:1591445579]><>" entered the game
L 03/07/2025 - 20:56:36: "GuardPug.Alex<32><[U:1:1591445579]><#SDK_Team_Unassigned>" say "hello"
L 03/07/2025 - 20:56:39: "Apolo<26><[U:1:315003678]><#SDK_Team_Unassigned>" say "hiii"
L 03/07/2025 - 20:56:41: "PerlaMocna<22><[U:1:1121017625]><#SDK_Team_Unassigned>" say "sup"
L 03/07/2025 - 20:56:47: "PerlaMocna<22><[U:1:1121017625]><#SDK_Team_Unassigned>" say "fuck got bitten"
L 03/07/2025 - 20:56:54: "PerlaMocna<22><[U:1:1121017625]><#SDK_Team_Unassigned>" say "oh got healed"
L 03/07/2025 - 20:56:59: "GuardPug.Alex<32><[U:1:1591445579]><#SDK_Team_Unassigned>" say "w"
L 03/07/2025 - 20:57:03: "Apolo<26><[U:1:315003678]><#SDK_Team_Unassigned>" say "gj"
L 03/07/2025 - 20:57:14: "Apolo<26><[U:1:315003678]><#SDK_Team_Unassigned>" say "get ready"
L 03/07/2025 - 20:57:18: "Apolo<26><[U:1:315003678]><#SDK_Team_Unassigned>" say "runners!"
L 03/07/2025 - 20:58:17: "PerlaMocna<22><[U:1:1121017625]><#SDK_Team_Unassigned>" say "hell nahh not again"
L 03/07/2025 - 20:58:21: "PerlaMocna<22><[U:1:1121017625]><#SDK_Team_Unassigned>" say "stupid negros"
L 03/07/2025 - 20:58:38: "PerlaMocna<22><[U:1:1121017625]><#SDK_Team_Unassigned>" say "damn this chainsaw is opp"
L 03/07/2025 - 20:58:42: "Apolo<26><[U:1:315003678]><#SDK_Team_Unassigned>" say "yeah"
L 03/07/2025 - 20:58:44: "Apolo<26><[U:1:315003678]><#SDK_Team_Unassigned>" say "but not unlimited"
L 03/07/2025 - 20:58:46: "Apolo<26><[U:1:315003678]><#SDK_Team_Unassigned>" say "care gas"
L 03/07/2025 - 20:58:52: "PerlaMocna<22><[U:1:1121017625]><#SDK_Team_Unassigned>" say "yea ofc"
L 03/07/2025 - 20:58:56: "Apolo<26><[U:1:315003678]><#SDK_Team_Unassigned>" say ":)"
L 03/07/2025 - 20:59:17: "PerlaMocna<22><[U:1:1121017625]><#SDK_Team_Unassigned>" say "there was some in the airdrop"
L 03/07/2025 - 20:59:43: "GuardPug.Alex<32><[U:1:1591445579]><#SDK_Team_Unassigned>" say "there are 4 patric bateman"
L 03/07/2025 - 20:59:46: "PerlaMocna<22><[U:1:1121017625]><>" committed suicide with "player"
L 03/07/2025 - 20:59:47: "Apolo<26><[U:1:315003678]><#SDK_Team_Unassigned>" say "6XD"
L 03/07/2025 - 20:59:49: "Apolo<26><[U:1:315003678]><#SDK_Team_Unassigned>" say "a lot"
L 03/07/2025 - 20:59:52: "PerlaMocna<22><[U:1:1121017625]><#SDK_Team_Unassigned>" say "all sigmas"
L 03/07/2025 - 20:59:54: "Apolo<26><[U:1:315003678]><#SDK_Team_Unassigned>" say "patricks army"
L 03/07/2025 - 20:59:58: "Alt<25><[U:1:1772998671]><#SDK_Team_Unassigned>" say "take anybode my saw"
L 03/07/2025 - 21:00:08: "Alt<25><[U:1:1772998671]><#SDK_Team_Unassigned>" say "i will dead soon"
L 03/07/2025 - 21:00:15: "GuardPug.Alex<32><[U:1:1591445579]><#SDK_Team_Unassigned>" say "a patric died"
L 03/07/2025 - 21:00:19: "Apolo<26><[U:1:315003678]><#SDK_Team_Unassigned>" say "nooo0"
L 03/07/2025 - 21:00:24: "PerlaMocna<22><[U:1:1121017625]><#SDK_Team_Unassigned>" say "there was a patric runner"
L 03/07/2025 - 21:00:26: "Apolo<26><[U:1:315003678]><#SDK_Team_Unassigned>" say "fallen soldier"
L 03/07/2025 - 21:01:36: "Alt<25><[U:1:1772998671]><>" committed suicide with "world"
L 03/07/2025 - 21:01:38: "Maktraher<28><[U:1:1842408078]><>" committed suicide with "world"
L 03/07/2025 - 21:01:50: "GuardPug.Alex<32><[U:1:1591445579]><#SDK_Team_Unassigned>" say "any ak ammo?"
L 03/07/2025 - 21:01:56: "Apolo<26><[U:1:315003678]><#SDK_Team_Unassigned>" say "not yet"
L 03/07/2025 - 21:01:59: "Apolo<26><[U:1:315003678]><#SDK_Team_Unassigned>" say "waiting airdrop"
L 03/07/2025 - 21:02:14: "GuardPug.Alex<32><[U:1:1591445579]><#SDK_Team_Unassigned>" say "7.62x39 is mine"
L 03/07/2025 - 21:02:51: "WarbringerX<27><[U:1:1842066156]><>" committed suicide with "world"
L 03/07/2025 - 21:02:56: "kubazombie:)<30><[U:1:1355020782]><#SDK_Team_Unassigned>" disconnected (reason "Lost connection")
L 03/07/2025 - 21:02:56: "kubazombie:)<30><[U:1:1355020782]><>" committed suicide with "player"
L 03/07/2025 - 21:02:59: "PerlaMocna<22><[U:1:1121017625]><#SDK_Team_Unassigned>" say "i found barricaded room"
L 03/07/2025 - 21:03:06: "PerlaMocna<22><[U:1:1121017625]><>" committed suicide with "world"
L 03/07/2025 - 21:03:10: "PerlaMocna<22><[U:1:1121017625]><#SDK_Team_Unassigned>" say "fuck"
L 03/07/2025 - 21:03:13: "PerlaMocna<22><[U:1:1121017625]><#SDK_Team_Unassigned>" say "got stuck"
L 03/07/2025 - 21:03:52: "GuardPug.Alex<32><[U:1:1591445579]><#SDK_Team_Unassigned>" say "any medkits?"
L 03/07/2025 - 21:03:57: "Apolo<26><[U:1:315003678]><#SDK_Team_Unassigned>" say "negative"
L 03/07/2025 - 21:04:00: "Apolo<26><[U:1:315003678]><#SDK_Team_Unassigned>" say "only bandage"
L 03/07/2025 - 21:04:08: "kubazombie:)<33><[U:1:1355020782]><>" connected, address "31.0.51.116:37667"
L 03/07/2025 - 21:04:08: "kubazombie:)<33><[U:1:1355020782]><>" STEAM USERID validated
L 03/07/2025 - 21:04:13: "kubazombie:)<33><[U:1:1355020782]><>" entered the game
L 03/07/2025 - 21:04:14: "GuardPug.Alex<32><[U:1:1591445579]><#SDK_Team_Unassigned>" say "this is a crisis"
L 03/07/2025 - 21:04:16: "Apolo<26><[U:1:315003678]><#SDK_Team_Unassigned>" say "yeah"
L 03/07/2025 - 21:04:20: "Alt<25><[U:1:1772998671]><>" committed suicide with "player"
L 03/07/2025 - 21:04:24: "Apolo<26><[U:1:315003678]><#SDK_Team_Unassigned>" say "this is the apocalypse"
L 03/07/2025 - 21:04:27: "PerlaMocna<22><[U:1:1121017625]><#SDK_Team_Unassigned>" say "we re cooked lads"
L 03/07/2025 - 21:04:35: "Apolo<26><[U:1:315003678]><#SDK_Team_Unassigned>" say "TIME TO LEAVE!!!"
L 03/07/2025 - 21:04:37: "Apolo<26><[U:1:315003678]><#SDK_Team_Unassigned>" say "go go go"
L 03/07/2025 - 21:04:40: "GuardPug.Alex<32><[U:1:1591445579]><#SDK_Team_Unassigned>" say "2 patricks have died in front of my face"
L 03/07/2025 - 21:04:50: "GuardPug.Alex<32><[U:1:1591445579]><>" committed suicide with "world"
L 03/07/2025 - 21:04:51: "Apolo<26><[U:1:315003678]><#SDK_Team_Unassigned>" say "GO UP"
L 03/07/2025 - 21:04:52: "Apolo<26><[U:1:315003678]><#SDK_Team_Unassigned>" say "GO"
L 03/07/2025 - 21:04:54: "Alt<25><[U:1:1772998671]><>" committed suicide with "world"
L 03/07/2025 - 21:04:54: "GuardPug.Alex<32><[U:1:1591445579]><#SDK_Team_Unassigned>" say "fuck"
L 03/07/2025 - 21:04:56: "kubazombie:)<33><[U:1:1355020782]><>" committed suicide with "world"
L 03/07/2025 - 21:05:00: "Apolo<26><[U:1:315003678]><#SDK_Team_Unassigned>" say "fast!"
L 03/07/2025 - 21:05:04: "Apolo<26><[U:1:315003678]><#SDK_Team_Unassigned>" say "we leaving"
L 03/07/2025 - 21:05:16: "WarbringerX<27><[U:1:1842066156]><>" committed suicide with "world"
L 03/07/2025 - 21:05:30: "Apolo<26><[U:1:315003678]><#SDK_Team_Unassigned>" say "gj guys"
L 03/07/2025 - 21:05:32: "Apolo<26><[U:1:315003678]><#SDK_Team_Unassigned>" say "we survived"
L 03/07/2025 - 21:05:33: "Apolo<26><[U:1:315003678]><#SDK_Team_Unassigned>" say "GG!"
L 03/07/2025 - 21:05:34: "kubazombie:)<33><[U:1:1355020782]><>" committed suicide with "world"
L 03/07/2025 - 21:05:43: "WarbringerX<27><[U:1:1842066156]><>" committed suicide with "world"
L 03/07/2025 - 21:05:56: "GuardPug.Alex<32><[U:1:1591445579]><>" committed suicide with "world"
L 03/07/2025 - 21:05:59: "Alt<25><[U:1:1772998671]><#SDK_Team_Unassigned>" say "g"
L 03/07/2025 - 21:05:59: "GuardPug.Alex<32><[U:1:1591445579]><#SDK_Team_Unassigned>" say "wtf"
L 03/07/2025 - 21:06:02: "Alt<25><[U:1:1772998671]><#SDK_Team_Unassigned>" say "gg"
L 03/07/2025 - 21:06:07: "WarbringerX<27><[U:1:1842066156]><>" committed suicide with "world"
L 03/07/2025 - 21:06:07: "Apolo<26><[U:1:315003678]><#SDK_Team_Unassigned>" say "omg"
L 03/07/2025 - 21:06:08: "GuardPug.Alex<32><[U:1:1591445579]><>" committed suicide with "world"
L 03/07/2025 - 21:06:09: "Apolo<26><[U:1:315003678]><#SDK_Team_Unassigned>" say "poor guys"
L 03/07/2025 - 21:06:13: "GuardPug.Alex<32><[U:1:1591445579]><#SDK_Team_Unassigned>" say "i hate yall"
L 03/07/2025 - 21:06:16: "Apolo<26><[U:1:315003678]><#SDK_Team_Unassigned>" say "XD"
L 03/07/2025 - 21:06:23: "Alt<25><[U:1:1772998671]><#SDK_Team_Unassigned>" disconnected (reason "Disconnect by user.")
L 03/07/2025 - 21:06:23: "Alt<25><[U:1:1772998671]><>" committed suicide with "player"
L 03/07/2025 - 21:06:25: "PerlaMocna<22><[U:1:1121017625]><#SDK_Team_Unassigned>" say "lets change map"
L 03/07/2025 - 21:06:30: "WarbringerX<27><[U:1:1842066156]><#SDK_Team_Unassigned>" say "niga move"
L 03/07/2025 - 21:06:33: Vote succeeded "nextlevel nmo_zephyr"
L 03/07/2025 - 21:06:35: server_cvar: "nextlevel" "nmo_zephyr"
L 03/07/2025 - 21:06:53: "GuardPug.Alex<32><[U:1:1591445579]><#SDK_Team_Unassigned>" say "can all change the skin to bateman"
L 03/07/2025 - 21:07:09: "PerlaMocna<22><[U:1:1121017625]><#SDK_Team_Unassigned>" say "i think yea"
L 03/07/2025 - 21:07:26: "Apolo<26><[U:1:315003678]><#SDK_Team_Unassigned>" say "ok wait 1 min to change map"
L 03/07/2025 - 21:07:30: "kubazombie:)<33><[U:1:1355020782]><#SDK_Team_Unassigned>" disconnected (reason "Disconnect by user.")
L 03/07/2025 - 21:07:30: "kubazombie:)<33><[U:1:1355020782]><>" committed suicide with "player"
L 03/07/2025 - 21:07:30: "kubazombie:)<34><[U:1:1355020782]><>" connected, address "31.0.51.116:37667"
L 03/07/2025 - 21:07:30: "kubazombie:)<34><[U:1:1355020782]><>" STEAM USERID validated
L 03/07/2025 - 21:07:33: "kubazombie:)<34><[U:1:1355020782]><>" entered the game
L 03/07/2025 - 21:07:38: "Apolo<26><[U:1:315003678]><#SDK_Team_Unassigned>" say "survive "
L 03/07/2025 - 21:08:03: "GuardPug.Alex<32><[U:1:1591445579]><>" committed suicide with "world"
L 03/07/2025 - 21:08:11: "GuardPug.Alex<32><[U:1:1591445579]><#SDK_Team_Unassigned>" say "nah i cant even"
L 03/07/2025 - 21:08:15: "kubazombie:)<34><[U:1:1355020782]><>" committed suicide with "world"
L 03/07/2025 - 21:08:18: "Apolo<26><[U:1:315003678]><#SDK_Team_Unassigned>" say "30 sec"
L 03/07/2025 - 21:08:42: "Apolo<26><[U:1:315003678]><#SDK_Team_Unassigned>" say "15"
L 03/07/2025 - 21:09:10: Vote succeeded "changelevel nmo_zephyr"
L 03/07/2025 - 21:09:12: "WarbringerX<27><[U:1:1842066156]><>" committed suicide with "player"
L 03/07/2025 - 21:09:12: "Apolo<26><[U:1:315003678]><>" committed suicide with "player"
L 03/07/2025 - 21:09:12: "PerlaMocna<22><[U:1:1121017625]><>" committed suicide with "player"
L 03/07/2025 - 21:09:12: "Secco<29><[U:1:209214385]><>" committed suicide with "player"
L 03/07/2025 - 21:09:12: "kubazombie:)<34><[U:1:1355020782]><>" committed suicide with "player"
L 03/07/2025 - 21:09:12: "GuardPug.Alex<32><[U:1:1591445579]><>" committed suicide with "player"
L 03/07/2025 - 21:09:12: "Maktraher<28><[U:1:1842408078]><>" committed suicide with "player"
L 03/07/2025 - 21:09:12: [META] Loaded 0 plugins (1 already loaded)
L 03/07/2025 - 21:09:12: Log file closed.
