L 03/07/2025 - 23:23:54: Log file started (file "logs/L0307015.log") (game "/home/dmitrii/steamcmd/nmrih_server/nmrih") (version "1140")
L 03/07/2025 - 23:24:05: "TASHka<41><[U:1:297319538]><>" entered the game
L 03/07/2025 - 23:24:05: "DarkRven<45><[U:1:1275153617]><>" entered the game
L 03/07/2025 - 23:24:07: "Vaper06<43><[U:1:241944138]><>" entered the game
L 03/07/2025 - 23:24:12: "Blazee<42><[U:1:1127381621]><>" entered the game
L 03/07/2025 - 23:24:34: "pacaji98<46><[U:1:439613645]><>" connected, address "77.228.80.244:27005"
L 03/07/2025 - 23:24:35: "pacaji98<46><[U:1:439613645]><>" STEAM USERID validated
L 03/07/2025 - 23:24:37: "Blazee<42><[U:1:1127381621]><>" committed suicide with "player"
L 03/07/2025 - 23:24:40: "pacaji98<46><[U:1:439613645]><>" entered the game
L 03/07/2025 - 23:25:57: "IAmTorta<47><[U:1:902988896]><>" connected, address "172.56.54.108:31669"
L 03/07/2025 - 23:25:57: "IAmTorta<47><[U:1:902988896]><>" STEAM USERID validated
L 03/07/2025 - 23:26:18: "IAmTorta<47><[U:1:902988896]><>" entered the game
L 03/07/2025 - 23:28:21: "TASHka<41><[U:1:297319538]><#SDK_Team_Unassigned>" disconnected (reason "Disconnect by user.")
L 03/07/2025 - 23:28:21: "TASHka<41><[U:1:297319538]><>" committed suicide with "player"
L 03/07/2025 - 23:28:45: "pacaji98<46><[U:1:439613645]><#SDK_Team_Unassigned>" say "pills?"
L 03/07/2025 - 23:28:48: "Blazee<42><[U:1:1127381621]><#SDK_Team_Unassigned>" say "i got"
L 03/07/2025 - 23:29:31: "pacaji98<46><[U:1:439613645]><#SDK_Team_Unassigned>" say "ty"
L 03/07/2025 - 23:29:43: "Vaper06<43><[U:1:241944138]><#SDK_Team_Unassigned>" say "fuel?"
L 03/07/2025 - 23:30:27: "IAmTorta<47><[U:1:902988896]><#SDK_Team_Unassigned>" say "zombies blocking the door"
L 03/07/2025 - 23:30:33: "IAmTorta<47><[U:1:902988896]><#SDK_Team_Unassigned>" say "the entrance"
L 03/07/2025 - 23:30:34: "DarkRven<45><[U:1:1275153617]><>" committed suicide with "player"
L 03/07/2025 - 23:30:43: "Vaper06<43><[U:1:241944138]><#SDK_Team_Unassigned>" say "fuel"
L 03/07/2025 - 23:31:02: "IAmTorta<47><[U:1:902988896]><#SDK_Team_Unassigned>" say "stamina low"
L 03/07/2025 - 23:31:05: "IAmTorta<47><[U:1:902988896]><#SDK_Team_Unassigned>" say "got pickaxe"
L 03/07/2025 - 23:31:22: "DarkRven<45><[U:1:1275153617]><#SDK_Team_Unassigned>" say "LOW KICK AND PUSH"
L 03/07/2025 - 23:32:20: "IsovskoyShoegazer<48><[U:1:279562162]><>" connected, address "213.151.15.4:2097"
L 03/07/2025 - 23:32:20: "IsovskoyShoegazer<48><[U:1:279562162]><>" STEAM USERID validated
L 03/07/2025 - 23:32:36: "IsovskoyShoegazer<48><[U:1:279562162]><>" entered the game
L 03/07/2025 - 23:32:37: "pacaji98<46><[U:1:439613645]><#SDK_Team_Unassigned>" say "molotov here"
L 03/07/2025 - 23:32:53: "Blazee<42><[U:1:1127381621]><#SDK_Team_Unassigned>" say "where"
L 03/07/2025 - 23:32:58: "IAmTorta<47><[U:1:902988896]><#SDK_Team_Unassigned>" say "wait"
L 03/07/2025 - 23:33:01: "IAmTorta<47><[U:1:902988896]><#SDK_Team_Unassigned>" say "out of stramina"
L 03/07/2025 - 23:33:04: "pacaji98<46><[U:1:439613645]><#SDK_Team_Unassigned>" say "here"
L 03/07/2025 - 23:33:05: "IAmTorta<47><[U:1:902988896]><#SDK_Team_Unassigned>" say "cant swing"
L 03/07/2025 - 23:33:17: "pacaji98<46><[U:1:439613645]><#SDK_Team_Unassigned>" say "fuck"
L 03/07/2025 - 23:33:20: "pacaji98<46><[U:1:439613645]><#SDK_Team_Unassigned>" say "infection again"
L 03/07/2025 - 23:33:23: "IAmTorta<47><[U:1:902988896]><#SDK_Team_Unassigned>" say "head east guys"
L 03/07/2025 - 23:33:28: "Blazee<42><[U:1:1127381621]><#SDK_Team_Unassigned>" say "i dont have more"
L 03/07/2025 - 23:33:36: "pacaji98<46><[U:1:439613645]><#SDK_Team_Unassigned>" say "any pills for my ass?"
L 03/07/2025 - 23:33:47: "IAmTorta<47><[U:1:902988896]><#SDK_Team_Unassigned>" say "i got nothing"
L 03/07/2025 - 23:34:02: "pacaji98<46><[U:1:439613645]><#SDK_Team_Unassigned>" say "im a deadman "
L 03/07/2025 - 23:34:07: "IAmTorta<47><[U:1:902988896]><#SDK_Team_Unassigned>" say "no please"
L 03/07/2025 - 23:34:11: "IAmTorta<47><[U:1:902988896]><#SDK_Team_Unassigned>" say "just say no to the infext\"
L 03/07/2025 - 23:34:12: "Vaper06<43><[U:1:241944138]><>" committed suicide with "world"
L 03/07/2025 - 23:34:15: "Vaper06<43><[U:1:241944138]><#SDK_Team_Unassigned>" disconnected (reason "Disconnect by user.")
L 03/07/2025 - 23:34:20: "IAmTorta<47><[U:1:902988896]><#SDK_Team_Unassigned>" say "say no to the infection"
L 03/07/2025 - 23:34:24: "pacaji98<46><[U:1:439613645]><#SDK_Team_Unassigned>" say "careful"
L 03/07/2025 - 23:34:27: "pacaji98<46><[U:1:439613645]><#SDK_Team_Unassigned>" say "im gonna turn"
L 03/07/2025 - 23:34:41: "pacaji98<46><[U:1:439613645]><#SDK_Team_Unassigned>" say ":("
L 03/07/2025 - 23:34:46: "IAmTorta<47><[U:1:902988896]><#SDK_Team_Unassigned>" say "dont leave us"
L 03/07/2025 - 23:34:55: "pacaji98<46><[U:1:439613645]><>" committed suicide with "player"
L 03/07/2025 - 23:35:05: "pacaji98<46><[U:1:439613645]><#SDK_Team_Unassigned>" say "HI AGAIN"
L 03/07/2025 - 23:35:10: "Blazee<42><[U:1:1127381621]><#SDK_Team_Unassigned>" say "how time"
L 03/07/2025 - 23:35:10: "IAmTorta<47><[U:1:902988896]><#SDK_Team_Unassigned>" say "OH YOURE BACK"
L 03/07/2025 - 23:35:12: "IAmTorta<47><[U:1:902988896]><#SDK_Team_Unassigned>" say "here"
L 03/07/2025 - 23:35:15: "IAmTorta<47><[U:1:902988896]><#SDK_Team_Unassigned>" say "some of your stuff"
L 03/07/2025 - 23:35:17: "pacaji98<46><[U:1:439613645]><#SDK_Team_Unassigned>" say "im fking jesus christ"
L 03/07/2025 - 23:35:25: "pacaji98<46><[U:1:439613645]><#SDK_Team_Unassigned>" say "you can keep it"
L 03/07/2025 - 23:35:37: "IAmTorta<47><[U:1:902988896]><#SDK_Team_Unassigned>" say "bet"
L 03/07/2025 - 23:35:40: "IAmTorta<47><[U:1:902988896]><#SDK_Team_Unassigned>" say "where we going"
L 03/07/2025 - 23:36:10: "IAmTorta<47><[U:1:902988896]><#SDK_Team_Unassigned>" say "nice"
L 03/07/2025 - 23:36:32: "IAmTorta<47><[U:1:902988896]><#SDK_Team_Unassigned>" say "i like, your pickaxe"
L 03/07/2025 - 23:36:37: "DarkRven<45><[U:1:1275153617]><#SDK_Team_Unassigned>" say "yy"
L 03/07/2025 - 23:36:39: "DarkRven<45><[U:1:1275153617]><#SDK_Team_Unassigned>" say "ty"
L 03/07/2025 - 23:38:11: "IAmTorta<47><[U:1:902988896]><>" committed suicide with "player"
L 03/07/2025 - 23:38:11: "IAmTorta<47><[U:1:902988896]><#SDK_Team_Unassigned>" say "guys\"
L 03/07/2025 - 23:38:12: "IAmTorta<47><[U:1:902988896]><#SDK_Team_Unassigned>" say "im sorry"
L 03/07/2025 - 23:38:14: "IAmTorta<47><[U:1:902988896]><#SDK_Team_Unassigned>" say "i turned"
L 03/07/2025 - 23:38:21: "Blazee<42><[U:1:1127381621]><#SDK_Team_Unassigned>" say "i "
L 03/07/2025 - 23:38:25: "Blazee<42><[U:1:1127381621]><#SDK_Team_Unassigned>" say "just trying to kill the kids"
L 03/07/2025 - 23:38:38: "Blazee<42><[U:1:1127381621]><#SDK_Team_Unassigned>" say "i got pills"
L 03/07/2025 - 23:38:41: "pacaji98<46><[U:1:439613645]><#SDK_Team_Unassigned>" say "guys ammo here"
L 03/07/2025 - 23:40:00: "DarkRven<45><[U:1:1275153617]><#SDK_Team_Unassigned>" say "hey"
L 03/07/2025 - 23:41:43: "IAmTorta<47><[U:1:902988896]><#SDK_Team_Unassigned>" say "here"
L 03/07/2025 - 23:41:54: "IAmTorta<47><[U:1:902988896]><#SDK_Team_Unassigned>" say "blaze take"
L 03/07/2025 - 23:43:14: "DarkRven<45><[U:1:1275153617]><>" committed suicide with "world"
L 03/07/2025 - 23:43:35: "Blazee<42><[U:1:1127381621]><>" committed suicide with "world"
L 03/07/2025 - 23:43:36: "IAmTorta<47><[U:1:902988896]><#SDK_Team_Unassigned>" say "back into the building if you can"
L 03/07/2025 - 23:43:48: "pacaji98<46><[U:1:439613645]><>" committed suicide with "world"
L 03/07/2025 - 23:43:51: "pacaji98<46><[U:1:439613645]><#SDK_Team_Unassigned>" say "LOL"
L 03/07/2025 - 23:44:16: "pacaji98<46><[U:1:439613645]><>" committed suicide with "world"
L 03/07/2025 - 23:44:17: "Blazee<42><[U:1:1127381621]><>" killed "DarkRven<45><[U:1:1275153617]><>"
L 03/07/2025 - 23:44:22: "Blazee<42><[U:1:1127381621]><>" committed suicide with "world"
L 03/07/2025 - 23:44:34: "IAmTorta<47><[U:1:902988896]><>" committed suicide with "world"
L 03/07/2025 - 23:44:36: "IAmTorta<47><[U:1:902988896]><#SDK_Team_Unassigned>" say "bruh"
L 03/07/2025 - 23:44:41: "DarkRven<45><[U:1:1275153617]><>" committed suicide with "world"
L 03/07/2025 - 23:44:52: "pacaji98<46><[U:1:439613645]><>" committed suicide with "world"
L 03/07/2025 - 23:44:57: "DarkRven<45><[U:1:1275153617]><#SDK_Team_Unassigned>" say "xd"
L 03/07/2025 - 23:45:01: "Aberron.<49><[U:1:207337242]><>" connected, address "86.14.246.193:27005"
L 03/07/2025 - 23:45:01: "Aberron.<49><[U:1:207337242]><>" STEAM USERID validated
L 03/07/2025 - 23:45:04: "IAmTorta<47><[U:1:902988896]><#SDK_Team_Unassigned>" say "ahh yes"
L 03/07/2025 - 23:45:07: "Aberron.<49><[U:1:207337242]><>" entered the game
L 03/07/2025 - 23:45:08: "IAmTorta<47><[U:1:902988896]><>" committed suicide with "world"
L 03/07/2025 - 23:45:10: "IsovskoyShoegazer<48><[U:1:279562162]><>" committed suicide with "world"
L 03/07/2025 - 23:45:12: "DarkRven<45><[U:1:1275153617]><>" committed suicide with "world"
L 03/07/2025 - 23:45:12: "Blazee<42><[U:1:1127381621]><>" committed suicide with "world"
L 03/07/2025 - 23:45:39: "IsovskoyShoegazer<48><[U:1:279562162]><#SDK_Team_Unassigned>" say "gooffy ahh ending"
L 03/07/2025 - 23:45:48: "Blazee<42><[U:1:1127381621]><>" committed suicide with "world"
L 03/07/2025 - 23:45:48: "IAmTorta<47><[U:1:902988896]><#SDK_Team_Unassigned>" say "trivial ending"
L 03/07/2025 - 23:45:51: "DarkRven<45><[U:1:1275153617]><#SDK_Team_Unassigned>" say "iam a dead girl"
L 03/07/2025 - 23:46:06: "IAmTorta<47><[U:1:902988896]><#SDK_Team_Unassigned>" say "lets go"
L 03/07/2025 - 23:46:09: "Blazee<42><[U:1:1127381621]><>" committed suicide with "world"
L 03/07/2025 - 23:46:12: "IAmTorta<47><[U:1:902988896]><#SDK_Team_Unassigned>" say "NO"
L 03/07/2025 - 23:46:17: "DarkRven<45><[U:1:1275153617]><#SDK_Team_Unassigned>" say "niceeee"
L 03/07/2025 - 23:46:21: "IAmTorta<47><[U:1:902988896]><#SDK_Team_Unassigned>" say "NO MAN LEFT BEHIND"
L 03/07/2025 - 23:46:26: "pacaji98<46><[U:1:439613645]><#SDK_Team_Unassigned>" say "THE POWER OF RESURRECTION"
L 03/07/2025 - 23:46:35: "IAmTorta<47><[U:1:902988896]><#SDK_Team_Unassigned>" say "ill take a shot to that"
L 03/07/2025 - 23:46:39: "pacaji98<46><[U:1:439613645]><#SDK_Team_Unassigned>" disconnected (reason "Disconnect by user.")
L 03/07/2025 - 23:46:39: "pacaji98<46><[U:1:439613645]><>" committed suicide with "player"
L 03/07/2025 - 23:47:04: "Blazee<42><[U:1:1127381621]><>" committed suicide with "player"
L 03/07/2025 - 23:47:08: Vote succeeded "changelevel nmo_shoreline"
L 03/07/2025 - 23:47:10: "IsovskoyShoegazer<48><[U:1:279562162]><>" committed suicide with "player"
L 03/07/2025 - 23:47:10: "Aberron.<49><[U:1:207337242]><>" committed suicide with "player"
L 03/07/2025 - 23:47:10: "Blazee<42><[U:1:1127381621]><>" committed suicide with "player"
L 03/07/2025 - 23:47:10: "IAmTorta<47><[U:1:902988896]><>" committed suicide with "player"
L 03/07/2025 - 23:47:10: "DarkRven<45><[U:1:1275153617]><>" committed suicide with "player"
L 03/07/2025 - 23:47:10: [META] Loaded 0 plugins (1 already loaded)
L 03/07/2025 - 23:47:10: Log file closed.
