L 03/07/2025 - 21:37:24: Log file started (file "logs/L0307011.log") (game "/home/dmitrii/steamcmd/nmrih_server/nmrih") (version "1140")
L 03/07/2025 - 21:37:28: "Apolo<26><[U:1:315003678]><>" entered the game
L 03/07/2025 - 21:37:28: "Maktraher<28><[U:1:1842408078]><>" entered the game
L 03/07/2025 - 21:37:33: "GuardPug.Alex<32><[U:1:1591445579]><>" entered the game
L 03/07/2025 - 21:37:33: "Secco<29><[U:1:209214385]><>" entered the game
L 03/07/2025 - 21:37:50: "Apolo<26><[U:1:315003678]><#SDK_Team_Unassigned>" say "we can change to favela if you want to"
L 03/07/2025 - 21:37:51: "Archangel Michael<36><[U:1:1848829535]><>" connected, address "176.59.4.231:27005"
L 03/07/2025 - 21:37:52: "Archangel Michael<36><[U:1:1848829535]><>" STEAM USERID validated
L 03/07/2025 - 21:37:58: "GuardPug.Alex<32><[U:1:1591445579]><#SDK_Team_Unassigned>" say "nah its ok"
L 03/07/2025 - 21:38:01: "Apolo<26><[U:1:315003678]><#SDK_Team_Unassigned>" say "Favela it's a survival map (waves)"
L 03/07/2025 - 21:38:07: "Archangel Michael<36><[U:1:1848829535]><>" entered the game
L 03/07/2025 - 21:38:11: "Apolo<26><[U:1:315003678]><#SDK_Team_Unassigned>" say "like this one"
L 03/07/2025 - 21:38:13: "Maktraher<28><[U:1:1842408078]><>" committed suicide with "player"
L 03/07/2025 - 21:38:19: "GuardPug.Alex<32><[U:1:1591445579]><#SDK_Team_Unassigned>" say "i thought its night of the living dead"
L 03/07/2025 - 21:38:24: "Apolo<26><[U:1:315003678]><#SDK_Team_Unassigned>" say ":o"
L 03/07/2025 - 21:38:57: "Apolo<26><[U:1:315003678]><#SDK_Team_Unassigned>" say "ok get ready!"
L 03/07/2025 - 21:39:01: "GuardPug.Alex<32><[U:1:1591445579]><#SDK_Team_Unassigned>" say "not to be an ass but i stole all the 9mm ammo"
L 03/07/2025 - 21:39:07: "Apolo<26><[U:1:315003678]><#SDK_Team_Unassigned>" say "with C u can see the zones"
L 03/07/2025 - 21:39:10: "Apolo<26><[U:1:315003678]><#SDK_Team_Unassigned>" say "there are 3 zones"
L 03/07/2025 - 21:39:12: "Apolo<26><[U:1:315003678]><#SDK_Team_Unassigned>" say "A, B and C"
L 03/07/2025 - 21:39:16: "Apolo<26><[U:1:315003678]><#SDK_Team_Unassigned>" say "protect A and B"
L 03/07/2025 - 21:39:20: "GuardPug.Alex<32><[U:1:1591445579]><#SDK_Team_Unassigned>" say "ill hold a"
L 03/07/2025 - 21:39:22: "Apolo<26><[U:1:315003678]><#SDK_Team_Unassigned>" say "only A if necessary"
L 03/07/2025 - 21:39:31: "Apolo<26><[U:1:315003678]><#SDK_Team_Unassigned>" say "just protect the house"
L 03/07/2025 - 21:39:34: "Apolo<26><[U:1:315003678]><#SDK_Team_Unassigned>" say ":)"
L 03/07/2025 - 21:39:56: "GuardPug.Alex<32><[U:1:1591445579]><#SDK_Team_Unassigned>" say "patrics asamble"
L 03/07/2025 - 21:40:05: "Apolo<26><[U:1:315003678]><#SDK_Team_Unassigned>" say "Protecc Patricks house!"
L 03/07/2025 - 21:40:42: "Apolo<26><[U:1:315003678]><#SDK_Team_Unassigned>" say "brb a min"
L 03/07/2025 - 21:44:27: "GuardPug.Alex<32><[U:1:1591445579]><#SDK_Team_Unassigned>" say "any lanters?"
L 03/07/2025 - 21:45:43: "GuardPug.Alex<32><[U:1:1591445579]><#SDK_Team_Unassigned>" say "anyone has pills?"
L 03/07/2025 - 21:46:26: "GuardPug.Alex<32><[U:1:1591445579]><>" committed suicide with "player"
L 03/07/2025 - 21:46:53: "GuardPug.Alex<32><[U:1:1591445579]><#SDK_Team_Unassigned>" say "any .357?"
L 03/07/2025 - 21:46:53: "leonardoprey99<37><[U:1:1689829805]><>" connected, address "45.228.234.210:27005"
L 03/07/2025 - 21:46:53: "leonardoprey99<37><[U:1:1689829805]><>" STEAM USERID validated
L 03/07/2025 - 21:47:00: "leonardoprey99<37><[U:1:1689829805]><>" entered the game
L 03/07/2025 - 21:47:56: "GuardPug.Alex<32><[U:1:1591445579]><#SDK_Team_Unassigned>" say "anybody cares for me taking all shotgun amo?"
L 03/07/2025 - 21:48:14: "Archangel Michael<36><[U:1:1848829535]><>" committed suicide with "world"
L 03/07/2025 - 21:48:22: "leonardoprey99<37><[U:1:1689829805]><>" committed suicide with "world"
L 03/07/2025 - 21:48:36: "leonardoprey99<37><[U:1:1689829805]><#SDK_Team_Unassigned>" disconnected (reason "Disconnect by user.")
L 03/07/2025 - 21:50:43: "Apolo<26><[U:1:315003678]><#SDK_Team_Unassigned>" say "weapons!"
L 03/07/2025 - 21:53:49: "Apolo<26><[U:1:315003678]><#SDK_Team_Unassigned>" say "heal"
L 03/07/2025 - 21:53:51: "Apolo<26><[U:1:315003678]><#SDK_Team_Unassigned>" say "use bandage"
L 03/07/2025 - 21:55:01: "GuardPug.Alex<32><[U:1:1591445579]><#SDK_Team_Unassigned>" say "any 7.62x39"
L 03/07/2025 - 21:56:09: "Apolo<26><[U:1:315003678]><>" killed "GuardPug.Alex<32><[U:1:1591445579]><>"
L 03/07/2025 - 21:56:17: "GuardPug.Alex<32><[U:1:1591445579]><#SDK_Team_Unassigned>" say "wtf is wrong with you"
L 03/07/2025 - 21:57:19: "Apolo<26><[U:1:315003678]><#SDK_Team_Unassigned>" say "runners!"
L 03/07/2025 - 21:58:02: "Secco<29><[U:1:209214385]><>" committed suicide with "player"
L 03/07/2025 - 21:58:15: "Apolo<26><[U:1:315003678]><#SDK_Team_Unassigned>" say "wall with wood"
L 03/07/2025 - 21:58:20: "Apolo<26><[U:1:315003678]><#SDK_Team_Unassigned>" say "and a hammer"
L 03/07/2025 - 21:59:14: "GuardPug.Alex<32><[U:1:1591445579]><#SDK_Team_Unassigned>" say "there is some gas outside"
L 03/07/2025 - 21:59:22: "Apolo<26><[U:1:315003678]><#SDK_Team_Unassigned>" say "if you shoot gas it explode"
L 03/07/2025 - 21:59:23: "Apolo<26><[U:1:315003678]><#SDK_Team_Unassigned>" say "i think"
L 03/07/2025 - 21:59:37: "Maktraher<28><[U:1:1842408078]><#SDK_Team_Unassigned>" say "kill my"
L 03/07/2025 - 21:59:47: "GuardPug.Alex<32><[U:1:1591445579]><#SDK_Team_Unassigned>" say "nah it doesnt work"
L 03/07/2025 - 22:01:16: "Archangel Michael<36><[U:1:1848829535]><>" committed suicide with "world"
L 03/07/2025 - 22:02:02: "Maktraher<28><[U:1:1842408078]><#SDK_Team_Unassigned>" say " bro"
L 03/07/2025 - 22:02:08: "Apolo<26><[U:1:315003678]><#SDK_Team_Unassigned>" say "yeah?"
L 03/07/2025 - 22:02:09: "Maktraher<28><[U:1:1842408078]><#SDK_Team_Unassigned>" say " kill my"
L 03/07/2025 - 22:02:15: "Apolo<26><[U:1:315003678]><>" killed "Maktraher<28><[U:1:1842408078]><>"
L 03/07/2025 - 22:02:25: "GuardPug.Alex<32><[U:1:1591445579]><#SDK_Team_Unassigned>" disconnected (reason "Disconnect by user.")
L 03/07/2025 - 22:02:25: "GuardPug.Alex<32><[U:1:1591445579]><>" committed suicide with "player"
L 03/07/2025 - 22:02:32: "Maktraher<28><[U:1:1842408078]><>" committed suicide with "world"
L 03/07/2025 - 22:02:35: "Apolo<26><[U:1:315003678]><#SDK_Team_Unassigned>" say "ty Archangel"
L 03/07/2025 - 22:03:25: "Apolo<26><[U:1:315003678]><#SDK_Team_Unassigned>" say "last mag"
L 03/07/2025 - 22:04:54: "Apolo<26><[U:1:315003678]><#SDK_Team_Unassigned>" say "noice!"
L 03/07/2025 - 22:04:57: "Apolo<26><[U:1:315003678]><#SDK_Team_Unassigned>" say "who got all this ammo omg"
L 03/07/2025 - 22:05:41: "Apolo<26><[U:1:315003678]><#SDK_Team_Unassigned>" say "everyone stay up if emergency"
L 03/07/2025 - 22:05:54: "Apolo<26><[U:1:315003678]><#SDK_Team_Unassigned>" say "2nd plant its our base rn"
L 03/07/2025 - 22:07:27: "Secco<29><[U:1:209214385]><>" committed suicide with "world"
L 03/07/2025 - 22:08:54: "Archangel Michael<36><[U:1:1848829535]><>" committed suicide with "player"
L 03/07/2025 - 22:08:56: "Apolo<26><[U:1:315003678]><#SDK_Team_Unassigned>" say "no more rounds"
L 03/07/2025 - 22:09:25: "Archangel Michael<36><[U:1:1848829535]><>" committed suicide with "world"
L 03/07/2025 - 22:10:14: "Secco<29><[U:1:209214385]><>" committed suicide with "world"
L 03/07/2025 - 22:10:15: "Apolo<26><[U:1:315003678]><#SDK_Team_Unassigned>" say "good idea Mak"
L 03/07/2025 - 22:10:16: "Apolo<26><[U:1:315003678]><#SDK_Team_Unassigned>" say "shoot it"
L 03/07/2025 - 22:10:42: "Archangel Michael<36><[U:1:1848829535]><>" committed suicide with "world"
L 03/07/2025 - 22:11:06: "Apolo<26><[U:1:315003678]><#SDK_Team_Unassigned>" say "XDDD"
L 03/07/2025 - 22:11:07: "Apolo<26><[U:1:315003678]><#SDK_Team_Unassigned>" say "omg"
L 03/07/2025 - 22:11:15: "Maktraher<28><[U:1:1842408078]><>" killed "Secco<29><[U:1:209214385]><>"
L 03/07/2025 - 22:11:26: "Apolo<26><[U:1:315003678]><>" committed suicide with "world"
L 03/07/2025 - 22:12:10: "Maktraher<28><[U:1:1842408078]><#SDK_Team_Unassigned>" say "haahahahaha"
L 03/07/2025 - 22:12:13: "Apolo<26><[U:1:315003678]><#SDK_Team_Unassigned>" say "airdrop!"
L 03/07/2025 - 22:12:56: "leonardoprey99<38><[U:1:1689829805]><>" connected, address "45.228.234.210:27005"
L 03/07/2025 - 22:12:57: "leonardoprey99<38><[U:1:1689829805]><>" STEAM USERID validated
L 03/07/2025 - 22:13:01: "leonardoprey99<38><[U:1:1689829805]><>" entered the game
L 03/07/2025 - 22:13:49: "Archangel Michael<36><[U:1:1848829535]><>" committed suicide with "world"
L 03/07/2025 - 22:15:17: "leonardoprey99<38><[U:1:1689829805]><>" committed suicide with "world"
L 03/07/2025 - 22:15:25: "leonardoprey99<38><[U:1:1689829805]><#SDK_Team_Unassigned>" disconnected (reason "Disconnect by user.")
L 03/07/2025 - 22:16:17: "Maktraher<28><[U:1:1842408078]><>" committed suicide with "world"
L 03/07/2025 - 22:17:26: "Maktraher<28><[U:1:1842408078]><>" committed suicide with "world"
L 03/07/2025 - 22:17:46: "Apolo<26><[U:1:315003678]><#SDK_Team_Unassigned>" say "ill waste ammo when we see a lot on stairs"
L 03/07/2025 - 22:18:33: "Archangel Michael<36><[U:1:1848829535]><>" committed suicide with "world"
L 03/07/2025 - 22:19:32: "Maktraher<28><[U:1:1842408078]><#SDK_Team_Unassigned>" say "br brr"
L 03/07/2025 - 22:20:33: "Archangel Michael<36><[U:1:1848829535]><>" committed suicide with "world"
L 03/07/2025 - 22:20:43: "Maktraher<28><[U:1:1842408078]><>" committed suicide with "world"
L 03/07/2025 - 22:21:27: "Secco<29><[U:1:209214385]><>" committed suicide with "world"
L 03/07/2025 - 22:22:46: "Secco<29><[U:1:209214385]><>" committed suicide with "world"
L 03/07/2025 - 22:24:10: "Secco<29><[U:1:209214385]><>" committed suicide with "world"
L 03/07/2025 - 22:25:16: "Apolo<26><[U:1:315003678]><#SDK_Team_Unassigned>" say "1 shot 1 kill"
L 03/07/2025 - 22:26:04: "Archangel Michael<36><[U:1:1848829535]><>" committed suicide with "world"
L 03/07/2025 - 22:27:22: "Apolo<26><[U:1:315003678]><#SDK_Team_Unassigned>" say "time to leave!"
L 03/07/2025 - 22:27:24: "Apolo<26><[U:1:315003678]><#SDK_Team_Unassigned>" say "go go go"
L 03/07/2025 - 22:27:47: "Maktraher<28><[U:1:1842408078]><#SDK_Team_Unassigned>" say "gg"
L 03/07/2025 - 22:27:56: "Archangel Michael<36><[U:1:1848829535]><#SDK_Team_Unassigned>" say "gg"
L 03/07/2025 - 22:28:11: "Apolo<26><[U:1:315003678]><#SDK_Team_Unassigned>" say "lol"
L 03/07/2025 - 22:28:12: "Secco<29><[U:1:209214385]><#SDK_Team_Unassigned>" disconnected (reason "Disconnect by user.")
L 03/07/2025 - 22:28:12: "Secco<29><[U:1:209214385]><>" committed suicide with "player"
L 03/07/2025 - 22:28:25: "Maktraher<28><[U:1:1842408078]><#SDK_Team_Unassigned>" say "nms"
L 03/07/2025 - 22:28:39: "sosiska<39><[U:1:1309283236]><>" connected, address "178.178.248.34:19747"
L 03/07/2025 - 22:28:39: "sosiska<39><[U:1:1309283236]><>" STEAM USERID validated
L 03/07/2025 - 22:28:41: Vote succeeded "changelevel nmo_brooklyn"
L 03/07/2025 - 22:28:43: "Archangel Michael<36><[U:1:1848829535]><>" committed suicide with "player"
L 03/07/2025 - 22:28:43: "Apolo<26><[U:1:315003678]><>" committed suicide with "player"
L 03/07/2025 - 22:28:43: "Maktraher<28><[U:1:1842408078]><>" committed suicide with "player"
L 03/07/2025 - 22:28:43: [META] Loaded 0 plugins (1 already loaded)
L 03/07/2025 - 22:28:43: Log file closed.
