L 03/07/2025 - 22:28:46: Log file started (file "logs/L0307013.log") (game "/home/dmitrii/steamcmd/nmrih_server/nmrih") (version "1140")
L 03/07/2025 - 22:28:51: "Apolo<26><[U:1:315003678]><>" entered the game
L 03/07/2025 - 22:28:53: "Maktraher<28><[U:1:1842408078]><>" entered the game
L 03/07/2025 - 22:28:56: "Archangel Michael<36><[U:1:1848829535]><>" disconnected (reason "Disconnect by user.")
L 03/07/2025 - 22:29:33: "sosiska<39><[U:1:1309283236]><>" entered the game
L 03/07/2025 - 22:31:15: "sosiska<39><[U:1:1309283236]><#SDK_Team_Unassigned>" say "take gun"
L 03/07/2025 - 22:32:35: "Apolo<26><[U:1:315003678]><#SDK_Team_Unassigned>" say "the code"
L 03/07/2025 - 22:32:38: "Apolo<26><[U:1:315003678]><#SDK_Team_Unassigned>" say "its large omg"
L 03/07/2025 - 22:36:56: "sosiska<39><[U:1:1309283236]><#SDK_Team_Unassigned>" say "sdtop"
L 03/07/2025 - 22:36:59: "sosiska<39><[U:1:1309283236]><#SDK_Team_Unassigned>" say "stop"
L 03/07/2025 - 22:37:13: "sosiska<39><[U:1:1309283236]><#SDK_Team_Unassigned>" say "you can reload"
L 03/07/2025 - 22:37:21: "sosiska<39><[U:1:1309283236]><#SDK_Team_Unassigned>" say "im use on;y glock"
L 03/07/2025 - 22:37:24: "sosiska<39><[U:1:1309283236]><#SDK_Team_Unassigned>" say "k"
L 03/07/2025 - 22:38:28: "Apolo<26><[U:1:315003678]><#SDK_Team_Unassigned>" say "XD"
L 03/07/2025 - 22:46:12: "sosiska<39><[U:1:1309283236]><#SDK_Team_Unassigned>" say "afk"
L 03/07/2025 - 22:46:35: "Apolo<26><[U:1:315003678]><>" committed suicide with "world"
L 03/07/2025 - 22:46:55: "Apolo<26><[U:1:315003678]><#SDK_Team_Unassigned>" say "i have to leave guys, cya :)"
L 03/07/2025 - 22:46:58: "Apolo<26><[U:1:315003678]><#SDK_Team_Unassigned>" say "gl"
L 03/07/2025 - 22:47:01: "sosiska<39><[U:1:1309283236]><#SDK_Team_Unassigned>" say "se"
L 03/07/2025 - 22:47:03: "sosiska<39><[U:1:1309283236]><#SDK_Team_Unassigned>" say "gg"
L 03/07/2025 - 22:47:07: "Apolo<26><[U:1:315003678]><#SDK_Team_Unassigned>" disconnected (reason "Disconnect by user.")
L 03/07/2025 - 22:47:07: "Apolo<26><[U:1:315003678]><>" committed suicide with "player"
L 03/07/2025 - 22:48:15: "sosiska<39><[U:1:1309283236]><#SDK_Team_Unassigned>" say "use"
L 03/07/2025 - 22:48:22: "sosiska<39><[U:1:1309283236]><#SDK_Team_Unassigned>" say "you red"
L 03/07/2025 - 22:49:42: "AMBRE<40><[U:1:148592397]><>" connected, address "176.15.186.44:48310"
L 03/07/2025 - 22:49:42: "AMBRE<40><[U:1:148592397]><>" STEAM USERID validated
L 03/07/2025 - 22:49:56: "AMBRE<40><[U:1:148592397]><>" entered the game
L 03/07/2025 - 22:50:09: "sosiska<39><[U:1:1309283236]><#SDK_Team_Unassigned>" say "a"
L 03/07/2025 - 22:50:16: "sosiska<39><[U:1:1309283236]><#SDK_Team_Unassigned>" say "ok"
L 03/07/2025 - 22:51:05: "sosiska<39><[U:1:1309283236]><#SDK_Team_Unassigned>" say "возьми патронов еще"
L 03/07/2025 - 22:51:27: "Maktraher<28><[U:1:1842408078]><#SDK_Team_Unassigned>" say " так  я тоже русскиц хахахахаха\"
L 03/07/2025 - 22:51:30: "sosiska<39><[U:1:1309283236]><#SDK_Team_Unassigned>" say "а"
L 03/07/2025 - 22:51:31: "sosiska<39><[U:1:1309283236]><#SDK_Team_Unassigned>" say "у"
L 03/07/2025 - 22:51:34: "sosiska<39><[U:1:1309283236]><#SDK_Team_Unassigned>" say "пхппхпххппхп"
L 03/07/2025 - 22:51:36: "sosiska<39><[U:1:1309283236]><#SDK_Team_Unassigned>" say "бывает"
L 03/07/2025 - 22:51:45: "sosiska<39><[U:1:1309283236]><#SDK_Team_Unassigned>" say "ремебер"
L 03/07/2025 - 22:51:49: "sosiska<39><[U:1:1309283236]><#SDK_Team_Unassigned>" say "ноу рашн"
L 03/07/2025 - 22:52:01: "sosiska<39><[U:1:1309283236]><#SDK_Team_Unassigned>" say "идем?"
L 03/07/2025 - 22:54:58: "sosiska<39><[U:1:1309283236]><#SDK_Team_Unassigned>" say "револьвер и патроны 12 каб"
L 03/07/2025 - 22:55:13: "sosiska<39><[U:1:1309283236]><#SDK_Team_Unassigned>" say "оке"
L 03/07/2025 - 22:55:16: "Maktraher<28><[U:1:1842408078]><#SDK_Team_Unassigned>" say "22 нужны мне"
L 03/07/2025 - 22:55:22: "sosiska<39><[U:1:1309283236]><#SDK_Team_Unassigned>" say "нету увы"
L 03/07/2025 - 22:55:26: "sosiska<39><[U:1:1309283236]><#SDK_Team_Unassigned>" say "онли 9 мм"
L 03/07/2025 - 22:55:37: "sosiska<39><[U:1:1309283236]><#SDK_Team_Unassigned>" say "не"
L 03/07/2025 - 22:55:39: "sosiska<39><[U:1:1309283236]><#SDK_Team_Unassigned>" say "спс"
L 03/07/2025 - 22:56:01: "Maktraher<28><[U:1:1842408078]><#SDK_Team_Unassigned>" say "таблетки "
L 03/07/2025 - 22:56:58: "sosiska<39><[U:1:1309283236]><#SDK_Team_Unassigned>" say "22 лр"
L 03/07/2025 - 22:57:01: "sosiska<39><[U:1:1309283236]><#SDK_Team_Unassigned>" say "как раз "
L 03/07/2025 - 22:57:03: "sosiska<39><[U:1:1309283236]><#SDK_Team_Unassigned>" say "лежали"
L 03/07/2025 - 22:57:08: "Maktraher<28><[U:1:1842408078]><#SDK_Team_Unassigned>" say "нате парты"
L 03/07/2025 - 22:57:11: "Maktraher<28><[U:1:1842408078]><#SDK_Team_Unassigned>" say "патры"
L 03/07/2025 - 22:58:20: "sosiska<39><[U:1:1309283236]><>" committed suicide with "world"
L 03/07/2025 - 22:58:24: "sosiska<39><[U:1:1309283236]><#SDK_Team_Unassigned>" say "сдох"
L 03/07/2025 - 22:59:20: "TASHka<41><[U:1:297319538]><>" connected, address "109.81.174.128:27880"
L 03/07/2025 - 22:59:20: "TASHka<41><[U:1:297319538]><>" STEAM USERID validated
L 03/07/2025 - 22:59:28: "TASHka<41><[U:1:297319538]><>" entered the game
L 03/07/2025 - 23:00:37: "Maktraher<28><[U:1:1842408078]><>" killed "AMBRE<40><[U:1:148592397]><>"
L 03/07/2025 - 23:01:48: "AMBRE<40><[U:1:148592397]><>" committed suicide with "world"
L 03/07/2025 - 23:01:58: "sosiska<39><[U:1:1309283236]><>" killed "Maktraher<28><[U:1:1842408078]><>"
L 03/07/2025 - 23:02:01: "sosiska<39><[U:1:1309283236]><#SDK_Team_Unassigned>" say "бля"
L 03/07/2025 - 23:02:37: "sosiska<39><[U:1:1309283236]><#SDK_Team_Unassigned>" say "бегите просто"
L 03/07/2025 - 23:02:44: "Blazee<42><[U:1:1127381621]><>" connected, address "190.198.11.229:27005"
L 03/07/2025 - 23:02:44: "Blazee<42><[U:1:1127381621]><>" STEAM USERID validated
L 03/07/2025 - 23:02:45: "sosiska<39><[U:1:1309283236]><>" committed suicide with "world"
L 03/07/2025 - 23:03:31: "Blazee<42><[U:1:1127381621]><>" entered the game
L 03/07/2025 - 23:03:39: "sosiska<39><[U:1:1309283236]><#SDK_Team_Unassigned>" disconnected (reason "Disconnect by user.")
L 03/07/2025 - 23:03:39: "sosiska<39><[U:1:1309283236]><>" committed suicide with "player"
L 03/07/2025 - 23:04:12: Vote failed "changelevel nms_silence" with code 3
L 03/07/2025 - 23:04:16: "Maktraher<28><[U:1:1842408078]><#SDK_Team_Unassigned>" say "  2 раз проходить"
L 03/07/2025 - 23:05:17: "Vaper06<43><[U:1:241944138]><>" connected, address "85.110.46.131:27005"
L 03/07/2025 - 23:05:17: "Vaper06<43><[U:1:241944138]><>" STEAM USERID validated
L 03/07/2025 - 23:05:48: "Vaper06<43><[U:1:241944138]><>" entered the game
L 03/07/2025 - 23:05:54: "Blazee<42><[U:1:1127381621]><#SDK_Team_Unassigned>" say "7791"
L 03/07/2025 - 23:06:35: "Vaper06<43><[U:1:241944138]><#SDK_Team_Unassigned>" say "next suzhou shall it be?"
L 03/07/2025 - 23:09:22: "Maktraher<28><[U:1:1842408078]><#SDK_Team_Unassigned>" say " ждем"
L 03/07/2025 - 23:10:50: "Maktraher<28><[U:1:1842408078]><>" committed suicide with "world"
L 03/07/2025 - 23:13:07: "TASHka<41><[U:1:297319538]><>" committed suicide with "world"
L 03/07/2025 - 23:13:15: "Blazee<42><[U:1:1127381621]><#SDK_Team_Unassigned>" say "molotov"
L 03/07/2025 - 23:17:24: "(Angel)꧁Harley♔Queen꧂<44><[U:1:78574216]><>" connected, address "87.148.210.196:27005"
L 03/07/2025 - 23:17:25: "(Angel)꧁Harley♔Queen꧂<44><[U:1:78574216]><>" STEAM USERID validated
L 03/07/2025 - 23:17:35: "(Angel)꧁Harley♔Queen꧂<44><[U:1:78574216]><>" entered the game
L 03/07/2025 - 23:19:09: "DarkRven<45><[U:1:1275153617]><>" connected, address "200.92.188.52:27005"
L 03/07/2025 - 23:19:09: "DarkRven<45><[U:1:1275153617]><>" STEAM USERID validated
L 03/07/2025 - 23:19:27: "DarkRven<45><[U:1:1275153617]><>" entered the game
L 03/07/2025 - 23:19:55: "AMBRE<40><[U:1:148592397]><>" committed suicide with "world"
L 03/07/2025 - 23:21:28: "Blazee<42><[U:1:1127381621]><#SDK_Team_Unassigned>" say "run"
L 03/07/2025 - 23:21:59: "AMBRE<40><[U:1:148592397]><>" committed suicide with "world"
L 03/07/2025 - 23:22:34: "DarkRven<45><[U:1:1275153617]><>" committed suicide with "world"
L 03/07/2025 - 23:22:43: "AMBRE<40><[U:1:148592397]><#SDK_Team_Unassigned>" disconnected (reason "Disconnect by user.")
L 03/07/2025 - 23:22:46: "Vaper06<43><[U:1:241944138]><#SDK_Team_Unassigned>" say "suzhou"
L 03/07/2025 - 23:23:13: "(Angel)꧁Harley♔Queen꧂<44><[U:1:78574216]><#SDK_Team_Unassigned>" disconnected (reason "Disconnect by user.")
L 03/07/2025 - 23:23:13: "(Angel)꧁Harley♔Queen꧂<44><[U:1:78574216]><>" committed suicide with "player"
L 03/07/2025 - 23:23:15: Vote failed "changelevel nms_northway" with code 3
L 03/07/2025 - 23:23:41: "Maktraher<28><[U:1:1842408078]><#SDK_Team_Unassigned>" disconnected (reason "Maktraher timed out")
L 03/07/2025 - 23:23:41: "Maktraher<28><[U:1:1842408078]><>" committed suicide with "player"
L 03/07/2025 - 23:23:46: "Blazee<42><[U:1:1127381621]><>" committed suicide with "player"
L 03/07/2025 - 23:23:47: Vote succeeded "changelevel nmo_suzhou"
L 03/07/2025 - 23:23:49: "TASHka<41><[U:1:297319538]><>" committed suicide with "player"
L 03/07/2025 - 23:23:49: "Vaper06<43><[U:1:241944138]><>" committed suicide with "player"
L 03/07/2025 - 23:23:49: "DarkRven<45><[U:1:1275153617]><>" committed suicide with "player"
L 03/07/2025 - 23:23:49: [META] Loaded 0 plugins (1 already loaded)
L 03/07/2025 - 23:23:50: Log file closed.
