L 03/07/2025 - 21:09:15: Log file started (file "logs/L0307009.log") (game "/home/dmitrii/steamcmd/nmrih_server/nmrih") (version "1140")
L 03/07/2025 - 21:09:19: "Apolo<26><[U:1:315003678]><>" entered the game
L 03/07/2025 - 21:09:20: "PerlaMocna<22><[U:1:1121017625]><>" entered the game
L 03/07/2025 - 21:09:21: "Maktraher<28><[U:1:1842408078]><>" entered the game
L 03/07/2025 - 21:09:23: "kubazombie:)<34><[U:1:1355020782]><>" entered the game
L 03/07/2025 - 21:09:26: "WarbringerX<27><[U:1:1842066156]><>" entered the game
L 03/07/2025 - 21:09:26: "GuardPug.Alex<32><[U:1:1591445579]><>" entered the game
L 03/07/2025 - 21:09:28: "Secco<29><[U:1:209214385]><>" entered the game
L 03/07/2025 - 21:09:39: "Apolo<26><[U:1:315003678]><#SDK_Team_Unassigned>" say "ok this map it's moving time"
L 03/07/2025 - 21:09:45: "GuardPug.Alex<32><[U:1:1591445579]><#SDK_Team_Unassigned>" say "trainor"
L 03/07/2025 - 21:09:58: "GuardPug.Alex<32><[U:1:1591445579]><#SDK_Team_Unassigned>" say "apolo not patric"
L 03/07/2025 - 21:10:04: "Apolo<26><[U:1:315003678]><#SDK_Team_Unassigned>" say "i'm the dog"
L 03/07/2025 - 21:10:18: "PerlaMocna<22><[U:1:1121017625]><#SDK_Team_Unassigned>" say "omg u can commit suicide"
L 03/07/2025 - 21:10:20: "Apolo<26><[U:1:315003678]><#SDK_Team_Unassigned>" say "patrick bald"
L 03/07/2025 - 21:10:20: "PerlaMocna<22><[U:1:1121017625]><#SDK_Team_Unassigned>" say "lmao'"
L 03/07/2025 - 21:10:22: "Apolo<26><[U:1:315003678]><#SDK_Team_Unassigned>" say "yeah"
L 03/07/2025 - 21:10:23: "Apolo<26><[U:1:315003678]><#SDK_Team_Unassigned>" say "with K"
L 03/07/2025 - 21:10:45: "GuardPug.Alex<32><[U:1:1591445579]><#SDK_Team_Unassigned>" say "afk for 2 sec"
L 03/07/2025 - 21:10:51: "Apolo<26><[U:1:315003678]><#SDK_Team_Unassigned>" say "Move move move!"
L 03/07/2025 - 21:10:59: "Apolo<26><[U:1:315003678]><#SDK_Team_Unassigned>" say "time to kill!"
L 03/07/2025 - 21:11:28: "GuardPug.Alex<32><[U:1:1591445579]><#SDK_Team_Unassigned>" say "back"
L 03/07/2025 - 21:11:33: "Apolo<26><[U:1:315003678]><#SDK_Team_Unassigned>" say "wb"
L 03/07/2025 - 21:11:39: "Apolo<26><[U:1:315003678]><#SDK_Team_Unassigned>" say "go"
L 03/07/2025 - 21:12:47: "WarbringerX<27><[U:1:1842066156]><#SDK_Team_Unassigned>" say "so sigma"
L 03/07/2025 - 21:12:51: "PerlaMocna<22><[U:1:1121017625]><#SDK_Team_Unassigned>" say "fr"
L 03/07/2025 - 21:13:01: "PerlaMocna<22><[U:1:1121017625]><#SDK_Team_Unassigned>" say "we need code"
L 03/07/2025 - 21:13:06: "GuardPug.Alex<32><[U:1:1591445579]><#SDK_Team_Unassigned>" say "wut is the code?"
L 03/07/2025 - 21:13:20: "PerlaMocna<22><[U:1:1121017625]><#SDK_Team_Unassigned>" say "lets search upstaire"
L 03/07/2025 - 21:13:24: "PerlaMocna<22><[U:1:1121017625]><#SDK_Team_Unassigned>" say "upstairs"
L 03/07/2025 - 21:14:15: "Apolo<26><[U:1:315003678]><#SDK_Team_Unassigned>" say "we need 4 numbers"
L 03/07/2025 - 21:14:45: "kubazombie:)<34><[U:1:1355020782]><#SDK_Team_Unassigned>" say "xd"
L 03/07/2025 - 21:14:48: "PerlaMocna<22><[U:1:1121017625]><#SDK_Team_Unassigned>" say "mby on the walls as graffiti or sth"
L 03/07/2025 - 21:15:08: "GuardPug.Alex<32><[U:1:1591445579]><#SDK_Team_Unassigned>" say "maybe its a carplate"
L 03/07/2025 - 21:15:30: "PerlaMocna<22><[U:1:1121017625]><#SDK_Team_Unassigned>" say "i dont think theywe got any plates"
L 03/07/2025 - 21:15:31: "MrLopess<35><[U:1:1457701758]><>" connected, address "168.205.194.11:16195"
L 03/07/2025 - 21:15:31: "MrLopess<35><[U:1:1457701758]><>" STEAM USERID validated
L 03/07/2025 - 21:15:38: "MrLopess<35><[U:1:1457701758]><>" entered the game
L 03/07/2025 - 21:15:45: "GuardPug.Alex<32><[U:1:1591445579]><#SDK_Team_Unassigned>" say "!guns"
L 03/07/2025 - 21:15:57: "kubazombie:)<34><[U:1:1355020782]><#SDK_Team_Unassigned>" say "7175"
L 03/07/2025 - 21:16:11: "PerlaMocna<22><[U:1:1121017625]><#SDK_Team_Unassigned>" say "no"
L 03/07/2025 - 21:16:15: "kubazombie:)<34><[U:1:1355020782]><#SDK_Team_Unassigned>" say "fuckno"
L 03/07/2025 - 21:16:29: "Apolo<26><[U:1:315003678]><#SDK_Team_Unassigned>" say "try with 5717"
L 03/07/2025 - 21:16:40: "kubazombie:)<34><[U:1:1355020782]><#SDK_Team_Unassigned>" say "5717"
L 03/07/2025 - 21:16:54: "Apolo<26><[U:1:315003678]><#SDK_Team_Unassigned>" say "try with 2105"
L 03/07/2025 - 21:17:45: "GuardPug.Alex<32><[U:1:1591445579]><#SDK_Team_Unassigned>" say "guys"
L 03/07/2025 - 21:17:53: "GuardPug.Alex<32><[U:1:1591445579]><#SDK_Team_Unassigned>" say "its 2105"
L 03/07/2025 - 21:17:53: "PerlaMocna<22><[U:1:1121017625]><#SDK_Team_Unassigned>" say "mby fucking light flicking on and off is a morse code lol'"
L 03/07/2025 - 21:17:58: "GuardPug.Alex<32><[U:1:1591445579]><#SDK_Team_Unassigned>" say "i found it"
L 03/07/2025 - 21:17:59: "Apolo<26><[U:1:315003678]><#SDK_Team_Unassigned>" say "XDD"
L 03/07/2025 - 21:18:04: "Apolo<26><[U:1:315003678]><#SDK_Team_Unassigned>" say "2105 tried?"
L 03/07/2025 - 21:18:23: "PerlaMocna<22><[U:1:1121017625]><#SDK_Team_Unassigned>" say "yea"
L 03/07/2025 - 21:18:47: "kubazombie:)<34><[U:1:1355020782]><#SDK_Team_Unassigned>" say "are we dumb"
L 03/07/2025 - 21:18:51: "PerlaMocna<22><[U:1:1121017625]><#SDK_Team_Unassigned>" say "yes"
L 03/07/2025 - 21:19:04: "PerlaMocna<22><[U:1:1121017625]><#SDK_Team_Unassigned>" say "looks like it"
L 03/07/2025 - 21:19:04: "Apolo<26><[U:1:315003678]><#SDK_Team_Unassigned>" say "try with 9247"
L 03/07/2025 - 21:19:08: "GuardPug.Alex<32><[U:1:1591445579]><#SDK_Team_Unassigned>" say "come on patricks we can do this"
L 03/07/2025 - 21:19:12: "PerlaMocna<22><[U:1:1121017625]><#SDK_Team_Unassigned>" say "xddd"
L 03/07/2025 - 21:19:14: "Apolo<26><[U:1:315003678]><#SDK_Team_Unassigned>" say ":)"
L 03/07/2025 - 21:19:16: "PerlaMocna<22><[U:1:1121017625]><#SDK_Team_Unassigned>" say "LETSGOO"
L 03/07/2025 - 21:19:19: "Apolo<26><[U:1:315003678]><#SDK_Team_Unassigned>" say "heehee"
L 03/07/2025 - 21:19:24: "Apolo<26><[U:1:315003678]><#SDK_Team_Unassigned>" say "get ready!"
L 03/07/2025 - 21:19:43: "PerlaMocna<22><[U:1:1121017625]><#SDK_Team_Unassigned>" say "who stole my axe"
L 03/07/2025 - 21:20:00: "PerlaMocna<22><[U:1:1121017625]><#SDK_Team_Unassigned>" say "thank you"
L 03/07/2025 - 21:20:22: "GuardPug.Alex<32><[U:1:1591445579]><#SDK_Team_Unassigned>" say "any .357?"
L 03/07/2025 - 21:20:47: "PerlaMocna<22><[U:1:1121017625]><#SDK_Team_Unassigned>" say "i have 7.62 if someone wants"
L 03/07/2025 - 21:20:53: "Apolo<26><[U:1:315003678]><#SDK_Team_Unassigned>" say "find a door"
L 03/07/2025 - 21:21:52: "GuardPug.Alex<32><[U:1:1591445579]><#SDK_Team_Unassigned>" say "we need a blow torch"
L 03/07/2025 - 21:21:58: "Apolo<26><[U:1:315003678]><#SDK_Team_Unassigned>" say "who have a welder"
L 03/07/2025 - 21:22:07: "PerlaMocna<22><[U:1:1121017625]><#SDK_Team_Unassigned>" say "did not see any"
L 03/07/2025 - 21:23:11: "PerlaMocna<22><[U:1:1121017625]><#SDK_Team_Unassigned>" say "how do we use it"
L 03/07/2025 - 21:23:25: "Apolo<26><[U:1:315003678]><#SDK_Team_Unassigned>" say "good question"
L 03/07/2025 - 21:23:26: "GuardPug.Alex<32><[U:1:1591445579]><#SDK_Team_Unassigned>" say "its a sacret weapon"
L 03/07/2025 - 21:23:36: "PerlaMocna<22><[U:1:1121017625]><#SDK_Team_Unassigned>" say "we are retarded"
L 03/07/2025 - 21:23:39: "Apolo<26><[U:1:315003678]><#SDK_Team_Unassigned>" say "HAHAHAHAHA"
L 03/07/2025 - 21:23:46: "GuardPug.Alex<32><[U:1:1591445579]><#SDK_Team_Unassigned>" say "are we cooked chat?"
L 03/07/2025 - 21:23:47: "WarbringerX<27><[U:1:1842066156]><#SDK_Team_Unassigned>" disconnected (reason "Disconnect by user.")
L 03/07/2025 - 21:23:47: "WarbringerX<27><[U:1:1842066156]><>" committed suicide with "player"
L 03/07/2025 - 21:23:50: "Maktraher<28><[U:1:1842408078]><#SDK_Team_Unassigned>" say "rtv"
L 03/07/2025 - 21:23:50: "Apolo<26><[U:1:315003678]><#SDK_Team_Unassigned>" say "sigmas moment"
L 03/07/2025 - 21:23:56: "Apolo<26><[U:1:315003678]><#SDK_Team_Unassigned>" say "LOOK"
L 03/07/2025 - 21:23:58: "MrLopess<35><[U:1:1457701758]><#SDK_Team_Unassigned>" say "here"
L 03/07/2025 - 21:24:02: "MrLopess<35><[U:1:1457701758]><#SDK_Team_Unassigned>" say "ez"
L 03/07/2025 - 21:24:03: "Apolo<26><[U:1:315003678]><#SDK_Team_Unassigned>" say "MrLopess it's a CHAD"
L 03/07/2025 - 21:24:07: "Apolo<26><[U:1:315003678]><#SDK_Team_Unassigned>" say "go guys!"
L 03/07/2025 - 21:24:12: "PerlaMocna<22><[U:1:1121017625]><#SDK_Team_Unassigned>" say "daaamn"
L 03/07/2025 - 21:24:19: "Apolo<26><[U:1:315003678]><#SDK_Team_Unassigned>" say "DO NOT touch water"
L 03/07/2025 - 21:24:22: "Apolo<26><[U:1:315003678]><#SDK_Team_Unassigned>" say "covid"
L 03/07/2025 - 21:24:24: "GuardPug.Alex<32><[U:1:1591445579]><#SDK_Team_Unassigned>" say "nice texture"
L 03/07/2025 - 21:24:36: "Apolo<26><[U:1:315003678]><#SDK_Team_Unassigned>" say "move!"
L 03/07/2025 - 21:24:47: "Apolo<26><[U:1:315003678]><#SDK_Team_Unassigned>" say "DO NOT TOUCH WATER"
L 03/07/2025 - 21:24:57: "MrLopess<35><[U:1:1457701758]><>" committed suicide with "world"
L 03/07/2025 - 21:25:00: "Apolo<26><[U:1:315003678]><#SDK_Team_Unassigned>" say "XDDD Lopess"
L 03/07/2025 - 21:25:47: "Apolo<26><[U:1:315003678]><#SDK_Team_Unassigned>" say "ok continue"
L 03/07/2025 - 21:25:48: "kubazombie:)<34><[U:1:1355020782]><#SDK_Team_Unassigned>" say "thx"
L 03/07/2025 - 21:25:48: "GuardPug.Alex<32><[U:1:1591445579]><#SDK_Team_Unassigned>" say "shit i am infected"
L 03/07/2025 - 21:25:53: "kubazombie:)<34><[U:1:1355020782]><#SDK_Team_Unassigned>" say "i have pills"
L 03/07/2025 - 21:25:59: "PerlaMocna<22><[U:1:1121017625]><#SDK_Team_Unassigned>" say "me too"
L 03/07/2025 - 21:26:04: "GuardPug.Alex<32><[U:1:1591445579]><#SDK_Team_Unassigned>" say "i need em"
L 03/07/2025 - 21:26:23: "GuardPug.Alex<32><[U:1:1591445579]><#SDK_Team_Unassigned>" say "ty so much"
L 03/07/2025 - 21:26:39: "MrLopess<35><[U:1:1457701758]><#SDK_Team_Unassigned>" say "who stole my shotgun?"
L 03/07/2025 - 21:27:05: "kubazombie:)<34><[U:1:1355020782]><>" committed suicide with "world"
L 03/07/2025 - 21:27:06: "GuardPug.Alex<32><[U:1:1591445579]><>" committed suicide with "world"
L 03/07/2025 - 21:27:07: "Apolo<26><[U:1:315003678]><#SDK_Team_Unassigned>" say "care children"
L 03/07/2025 - 21:27:09: "Secco<29><[U:1:209214385]><>" committed suicide with "world"
L 03/07/2025 - 21:27:13: "GuardPug.Alex<32><[U:1:1591445579]><#SDK_Team_Unassigned>" say " i died"
L 03/07/2025 - 21:27:23: "PerlaMocna<22><[U:1:1121017625]><#SDK_Team_Unassigned>" say "i need healong"
L 03/07/2025 - 21:27:26: "PerlaMocna<22><[U:1:1121017625]><#SDK_Team_Unassigned>" say "healing"
L 03/07/2025 - 21:27:42: "PerlaMocna<22><[U:1:1121017625]><#SDK_Team_Unassigned>" say "ty"
L 03/07/2025 - 21:27:42: "Apolo<26><[U:1:315003678]><#SDK_Team_Unassigned>" say ":)"
L 03/07/2025 - 21:27:53: "PerlaMocna<22><[U:1:1121017625]><#SDK_Team_Unassigned>" say "what is gene terapy"
L 03/07/2025 - 21:28:11: "PerlaMocna<22><[U:1:1121017625]><#SDK_Team_Unassigned>" say "looks like epipen"
L 03/07/2025 - 21:28:12: "GuardPug.Alex<32><[U:1:1591445579]><#SDK_Team_Unassigned>" say "is a cure for zombie infection"
L 03/07/2025 - 21:28:18: "PerlaMocna<22><[U:1:1121017625]><#SDK_Team_Unassigned>" say "oh okay"
L 03/07/2025 - 21:28:19: "Apolo<26><[U:1:315003678]><#SDK_Team_Unassigned>" say "find the radio"
L 03/07/2025 - 21:28:54: "kubazombie:)<34><[U:1:1355020782]><#SDK_Team_Unassigned>" say "theres a code again "
L 03/07/2025 - 21:28:58: "kubazombie:)<34><[U:1:1355020782]><#SDK_Team_Unassigned>" say "damn"
L 03/07/2025 - 21:29:04: "Apolo<26><[U:1:315003678]><#SDK_Team_Unassigned>" say "1901"
L 03/07/2025 - 21:29:06: "Apolo<26><[U:1:315003678]><#SDK_Team_Unassigned>" say "it is"
L 03/07/2025 - 21:29:06: "GuardPug.Alex<32><[U:1:1591445579]><#SDK_Team_Unassigned>" say "1901"
L 03/07/2025 - 21:30:53: "Apolo<26><[U:1:315003678]><#SDK_Team_Unassigned>" say "We need a RED KEY"
L 03/07/2025 - 21:30:58: "Apolo<26><[U:1:315003678]><#SDK_Team_Unassigned>" say "find it"
L 03/07/2025 - 21:31:18: "GuardPug.Alex<32><[U:1:1591445579]><#SDK_Team_Unassigned>" say "the zombies arent a problem"
L 03/07/2025 - 21:31:23: "Apolo<26><[U:1:315003678]><#SDK_Team_Unassigned>" say "nah just walk"
L 03/07/2025 - 21:31:39: "MrLopess<35><[U:1:1457701758]><#SDK_Team_Unassigned>" say "who stole my mp5"
L 03/07/2025 - 21:31:52: "GuardPug.Alex<32><[U:1:1591445579]><#SDK_Team_Unassigned>" say "wmea"
L 03/07/2025 - 21:31:53: "Apolo<26><[U:1:315003678]><#SDK_Team_Unassigned>" say "i got one from a soldier corpse"
L 03/07/2025 - 21:31:54: "Apolo<26><[U:1:315003678]><#SDK_Team_Unassigned>" say "of no"
L 03/07/2025 - 21:31:54: "GuardPug.Alex<32><[U:1:1591445579]><#SDK_Team_Unassigned>" say "me"
L 03/07/2025 - 21:32:01: "Apolo<26><[U:1:315003678]><#SDK_Team_Unassigned>" say "get ready"
L 03/07/2025 - 21:32:03: "Apolo<26><[U:1:315003678]><#SDK_Team_Unassigned>" say "runners maybe"
L 03/07/2025 - 21:32:38: "kubazombie:)<34><[U:1:1355020782]><>" committed suicide with "world"
L 03/07/2025 - 21:32:40: "PerlaMocna<22><[U:1:1121017625]><>" committed suicide with "world"
L 03/07/2025 - 21:32:43: "MrLopess<35><[U:1:1457701758]><>" committed suicide with "world"
L 03/07/2025 - 21:32:44: "Apolo<26><[U:1:315003678]><>" committed suicide with "world"
L 03/07/2025 - 21:32:47: "Apolo<26><[U:1:315003678]><#SDK_Team_Unassigned>" say "omg"
L 03/07/2025 - 21:32:47: "Maktraher<28><[U:1:1842408078]><>" committed suicide with "world"
L 03/07/2025 - 21:32:48: "PerlaMocna<22><[U:1:1121017625]><#SDK_Team_Unassigned>" say "shit i got mauled"
L 03/07/2025 - 21:32:49: "Apolo<26><[U:1:315003678]><#SDK_Team_Unassigned>" say "AJJAHA"
L 03/07/2025 - 21:32:59: "Apolo<26><[U:1:315003678]><#SDK_Team_Unassigned>" say "im having so much fun"
L 03/07/2025 - 21:33:01: "MrLopess<35><[U:1:1457701758]><#SDK_Team_Unassigned>" disconnected (reason "Disconnect by user.")
L 03/07/2025 - 21:33:34: "GuardPug.Alex<32><[U:1:1591445579]><#SDK_Team_Unassigned>" say "any 9mm?"
L 03/07/2025 - 21:33:38: "Apolo<26><[U:1:315003678]><#SDK_Team_Unassigned>" say "come!"
L 03/07/2025 - 21:33:40: "Apolo<26><[U:1:315003678]><#SDK_Team_Unassigned>" say "ammo box!"
L 03/07/2025 - 21:33:55: "Apolo<26><[U:1:315003678]><#SDK_Team_Unassigned>" say "well nades"
L 03/07/2025 - 21:33:58: "Apolo<26><[U:1:315003678]><#SDK_Team_Unassigned>" say "grenades"
L 03/07/2025 - 21:35:06: "PerlaMocna<22><[U:1:1121017625]><#SDK_Team_Unassigned>" say "shit got infected"
L 03/07/2025 - 21:35:10: "Apolo<26><[U:1:315003678]><#SDK_Team_Unassigned>" say ":("
L 03/07/2025 - 21:35:33: "Apolo<26><[U:1:315003678]><#SDK_Team_Unassigned>" say "COME TO THE TRAIN"
L 03/07/2025 - 21:35:35: "Apolo<26><[U:1:315003678]><#SDK_Team_Unassigned>" say "go go go"
L 03/07/2025 - 21:35:45: "Apolo<26><[U:1:315003678]><#SDK_Team_Unassigned>" say "nooo why"
L 03/07/2025 - 21:35:49: "Apolo<26><[U:1:315003678]><#SDK_Team_Unassigned>" say "u activated it"
L 03/07/2025 - 21:35:57: "PerlaMocna<22><[U:1:1121017625]><>" committed suicide with "world"
L 03/07/2025 - 21:36:04: "Apolo<26><[U:1:315003678]><#SDK_Team_Unassigned>" say "Maktraher"
L 03/07/2025 - 21:36:07: "Apolo<26><[U:1:315003678]><#SDK_Team_Unassigned>" say "traitor"
L 03/07/2025 - 21:36:14: "GuardPug.Alex<32><[U:1:1591445579]><#SDK_Team_Unassigned>" say "ashole"
L 03/07/2025 - 21:36:24: "Apolo<26><[U:1:315003678]><#SDK_Team_Unassigned>" say "GET ON"
L 03/07/2025 - 21:36:27: "GuardPug.Alex<32><[U:1:1591445579]><#SDK_Team_Unassigned>" say "YESS"
L 03/07/2025 - 21:36:32: "Apolo<26><[U:1:315003678]><#SDK_Team_Unassigned>" say "XDDD"
L 03/07/2025 - 21:36:34: "Apolo<26><[U:1:315003678]><#SDK_Team_Unassigned>" say "we did it"
L 03/07/2025 - 21:36:35: "GuardPug.Alex<32><[U:1:1591445579]><#SDK_Team_Unassigned>" say "got a spot if first class"
L 03/07/2025 - 21:36:38: "PerlaMocna<22><[U:1:1121017625]><#SDK_Team_Unassigned>" say "alr im going"
L 03/07/2025 - 21:36:39: "Apolo<26><[U:1:315003678]><#SDK_Team_Unassigned>" say "nice"
L 03/07/2025 - 21:36:41: "Apolo<26><[U:1:315003678]><#SDK_Team_Unassigned>" say "gg"
L 03/07/2025 - 21:36:44: "PerlaMocna<22><[U:1:1121017625]><#SDK_Team_Unassigned>" say "good game guys"
L 03/07/2025 - 21:36:54: "kubazombie:)<34><[U:1:1355020782]><#SDK_Team_Unassigned>" disconnected (reason "Disconnect by user.")
L 03/07/2025 - 21:36:54: "kubazombie:)<34><[U:1:1355020782]><>" committed suicide with "player"
L 03/07/2025 - 21:37:01: "GuardPug.Alex<32><[U:1:1591445579]><#SDK_Team_Unassigned>" say "hey can you change on wave favela?"
L 03/07/2025 - 21:37:12: "Apolo<26><[U:1:315003678]><#SDK_Team_Unassigned>" say "oh u wanted favela?"
L 03/07/2025 - 21:37:15: "Apolo<26><[U:1:315003678]><#SDK_Team_Unassigned>" say "sorry"
L 03/07/2025 - 21:37:19: "PerlaMocna<22><[U:1:1121017625]><#SDK_Team_Unassigned>" disconnected (reason "Disconnect by user.")
L 03/07/2025 - 21:37:19: "PerlaMocna<22><[U:1:1121017625]><>" committed suicide with "player"
L 03/07/2025 - 21:37:20: Vote succeeded "changelevel nms_isolated"
L 03/07/2025 - 21:37:22: "GuardPug.Alex<32><[U:1:1591445579]><#SDK_Team_Unassigned>" say "its ok"
L 03/07/2025 - 21:37:22: "Apolo<26><[U:1:315003678]><>" committed suicide with "player"
L 03/07/2025 - 21:37:22: "Secco<29><[U:1:209214385]><>" committed suicide with "player"
L 03/07/2025 - 21:37:22: "GuardPug.Alex<32><[U:1:1591445579]><>" committed suicide with "player"
L 03/07/2025 - 21:37:22: "Maktraher<28><[U:1:1842408078]><>" committed suicide with "player"
L 03/07/2025 - 21:37:22: [META] Loaded 0 plugins (1 already loaded)
L 03/07/2025 - 21:37:23: Log file closed.
