L 03/07/2025 - 19:14:19: Log file started (file "logs/L0307001.log") (game "/home/dmitrii/steamcmd/nmrih_server/nmrih") (version "1140")
L 03/07/2025 - 19:14:23: "White Cone<11><[U:1:274786136]><>" entered the game
L 03/07/2025 - 19:14:24: "Thomas_Shelby<12><[U:1:1108508534]><>" entered the game
L 03/07/2025 - 19:14:24: "KittyCat◥▶.◀◤<8><[U:1:188593747]><>" entered the game
L 03/07/2025 - 19:14:24: "admiin<14><[U:1:1041581093]><>" entered the game
L 03/07/2025 - 19:14:27: "ORBE<13><[U:1:167522292]><>" entered the game
L 03/07/2025 - 19:14:38: "FOSFOR<10><[U:1:1081636193]><>" entered the game
L 03/07/2025 - 19:14:43: "NeonFox | Shizoidus<9><[U:1:879816238]><>" entered the game
L 03/07/2025 - 19:15:16: "KittyCat◥▶.◀◤<8><[U:1:188593747]><#SDK_Team_Unassigned>" disconnected (reason "Disconnect by user.")
L 03/07/2025 - 19:15:16: "KittyCat◥▶.◀◤<8><[U:1:188593747]><>" committed suicide with "player"
L 03/07/2025 - 19:16:18: "FOSFOR<10><[U:1:1081636193]><#SDK_Team_Unassigned>" disconnected (reason "Disconnect by user.")
L 03/07/2025 - 19:16:18: "FOSFOR<10><[U:1:1081636193]><>" committed suicide with "player"
L 03/07/2025 - 19:16:18: "FOSFOR<15><[U:1:1081636193]><>" connected, address "136.169.150.69:8709"
L 03/07/2025 - 19:16:18: "FOSFOR<15><[U:1:1081636193]><>" STEAM USERID validated
L 03/07/2025 - 19:16:21: "FOSFOR<15><[U:1:1081636193]><>" entered the game
L 03/07/2025 - 19:16:31: "FOSFOR<15><[U:1:1081636193]><#SDK_Team_Unassigned>" disconnected (reason "Disconnect by user.")
L 03/07/2025 - 19:16:31: "FOSFOR<15><[U:1:1081636193]><>" committed suicide with "player"
L 03/07/2025 - 19:16:35: "FOSFOR<16><[U:1:1081636193]><>" connected, address "136.169.150.69:8709"
L 03/07/2025 - 19:16:36: "FOSFOR<16><[U:1:1081636193]><>" STEAM USERID validated
L 03/07/2025 - 19:16:38: "FOSFOR<16><[U:1:1081636193]><>" entered the game
L 03/07/2025 - 19:16:46: "FOSFOR<16><[U:1:1081636193]><#SDK_Team_Unassigned>" disconnected (reason "Disconnect by user.")
L 03/07/2025 - 19:16:46: "FOSFOR<16><[U:1:1081636193]><>" committed suicide with "player"
L 03/07/2025 - 19:17:27: "火火<17><[U:1:1690711186]><>" connected, address "218.89.63.97:27005"
L 03/07/2025 - 19:17:28: "火火<17><[U:1:1690711186]><>" STEAM USERID validated
L 03/07/2025 - 19:17:34: "火火<17><[U:1:1690711186]><>" entered the game
L 03/07/2025 - 19:18:08: "火火<17><[U:1:1690711186]><#SDK_Team_Unassigned>" disconnected (reason "Disconnect by user.")
L 03/07/2025 - 19:18:44: "NeonFox | Shizoidus<9><[U:1:879816238]><>" committed suicide with "player"
L 03/07/2025 - 19:18:46: "NeonFox | Shizoidus<9><[U:1:879816238]><#SDK_Team_Unassigned>" disconnected (reason "Disconnect by user.")
L 03/07/2025 - 19:20:03: "ORBE<13><[U:1:167522292]><>" committed suicide with "world"
L 03/07/2025 - 19:20:09: "Thomas_Shelby<12><[U:1:1108508534]><>" committed suicide with "player"
L 03/07/2025 - 19:20:25: "Momy73<18><[U:1:1869479012]><>" connected, address "95.5.116.89:8577"
L 03/07/2025 - 19:20:25: "Momy73<18><[U:1:1869479012]><>" STEAM USERID validated
L 03/07/2025 - 19:21:06: "Momy73<18><[U:1:1869479012]><>" entered the game
L 03/07/2025 - 19:21:12: "Romek Siekiera<19><[U:1:49641711]><>" connected, address "217.11.128.101:4408"
L 03/07/2025 - 19:21:12: "Romek Siekiera<19><[U:1:49641711]><>" STEAM USERID validated
L 03/07/2025 - 19:21:46: "Romek Siekiera<19><[U:1:49641711]><>" entered the game
L 03/07/2025 - 19:21:55: "White Cone<11><[U:1:274786136]><>" killed "admiin<14><[U:1:1041581093]><>"
L 03/07/2025 - 19:22:11: "Memphis<20><[U:1:312539477]><>" connected, address "141.70.45.1:31157"
L 03/07/2025 - 19:22:11: "Memphis<20><[U:1:312539477]><>" STEAM USERID validated
L 03/07/2025 - 19:22:13: "White Cone<11><[U:1:274786136]><>" committed suicide with "player"
L 03/07/2025 - 19:22:18: "Memphis<20><[U:1:312539477]><>" entered the game
L 03/07/2025 - 19:24:36: "Thomas_Shelby<12><[U:1:1108508534]><>" committed suicide with "player"
L 03/07/2025 - 19:25:53: "ORBE<13><[U:1:167522292]><>" committed suicide with "world"
L 03/07/2025 - 19:26:20: "Momy73<18><[U:1:1869479012]><>" committed suicide with "player"
L 03/07/2025 - 19:26:25: "weed panda (is injured)<21><[U:1:1870982608]><>" connected, address "206.189.122.94:27005"
L 03/07/2025 - 19:26:25: "weed panda (is injured)<21><[U:1:1870982608]><>" STEAM USERID validated
L 03/07/2025 - 19:26:48: "weed panda (is injured)<21><[U:1:1870982608]><>" entered the game
L 03/07/2025 - 19:27:12: "weed panda (is injured)<21><[U:1:1870982608]><#SDK_Team_Unassigned>" say "!kick"
L 03/07/2025 - 19:27:14: "weed panda (is injured)<21><[U:1:1870982608]><#SDK_Team_Unassigned>" say "!votekick"
L 03/07/2025 - 19:27:20: "admiin<14><[U:1:1041581093]><#SDK_Team_Unassigned>" say "stop taking everything."
L 03/07/2025 - 19:27:25: "weed panda (is injured)<21><[U:1:1870982608]><#SDK_Team_Unassigned>" say "shut up nigger"
L 03/07/2025 - 19:27:35: "admiin<14><[U:1:1041581093]><#SDK_Team_Unassigned>" say "idiot'"
L 03/07/2025 - 19:27:40: "weed panda (is injured)<21><[U:1:1870982608]><#SDK_Team_Unassigned>" say "cry"
L 03/07/2025 - 19:29:19: "White Cone<11><[U:1:274786136]><#SDK_Team_Unassigned>" say "pils plz"
L 03/07/2025 - 19:29:22: "weed panda (is injured)<21><[U:1:1870982608]><#SDK_Team_Unassigned>" say "beg"
L 03/07/2025 - 19:30:15: "White Cone<11><[U:1:274786136]><>" committed suicide with "player"
L 03/07/2025 - 19:30:41: "Romek Siekiera<19><[U:1:49641711]><#SDK_Team_Unassigned>" say "i GAVE YOU A BANDAGE"
L 03/07/2025 - 19:30:43: "Romek Siekiera<19><[U:1:49641711]><#SDK_Team_Unassigned>" say "use it"
L 03/07/2025 - 19:31:41: "weed panda (is injured)<21><[U:1:1870982608]><#SDK_Team_Unassigned>" disconnected (reason "Disconnect by user.")
L 03/07/2025 - 19:31:41: "weed panda (is injured)<21><[U:1:1870982608]><>" committed suicide with "player"
L 03/07/2025 - 19:32:58: "admiin<14><[U:1:1041581093]><#SDK_Team_Unassigned>" say "give me.45 cmp amo"
L 03/07/2025 - 19:32:58: "White Cone<11><[U:1:274786136]><>" committed suicide with "world"
L 03/07/2025 - 19:32:58: "Thomas_Shelby<12><[U:1:1108508534]><>" committed suicide with "world"
L 03/07/2025 - 19:33:02: "admiin<14><[U:1:1041581093]><#SDK_Team_Unassigned>" say "acp*"
L 03/07/2025 - 19:33:50: "Momy73<18><[U:1:1869479012]><>" committed suicide with "player"
L 03/07/2025 - 19:34:34: "Memphis<20><[U:1:312539477]><#SDK_Team_Unassigned>" disconnected (reason "Disconnect by user.")
L 03/07/2025 - 19:34:34: "Memphis<20><[U:1:312539477]><>" committed suicide with "player"
L 03/07/2025 - 19:34:48: "Romek Siekiera<19><[U:1:49641711]><#SDK_Team_Unassigned>" say "Got pills and first aid if anyone needs it"
L 03/07/2025 - 19:35:41: "ORBE<13><[U:1:167522292]><>" committed suicide with "world"
L 03/07/2025 - 19:37:26: "Romek Siekiera<19><[U:1:49641711]><#SDK_Team_Unassigned>" say "!rtv"
L 03/07/2025 - 19:37:29: "admiin<14><[U:1:1041581093]><#SDK_Team_Unassigned>" say "!rtv"
L 03/07/2025 - 19:37:29: "Romek Siekiera<19><[U:1:49641711]><#SDK_Team_Unassigned>" say "Map change ?"
L 03/07/2025 - 19:37:53: "admiin<14><[U:1:1041581093]><#SDK_Team_Unassigned>" disconnected (reason "Disconnect by user.")
L 03/07/2025 - 19:37:53: "admiin<14><[U:1:1041581093]><>" committed suicide with "player"
L 03/07/2025 - 19:37:55: Vote succeeded "changelevel nmo_chinatown"
L 03/07/2025 - 19:37:57: "Momy73<18><[U:1:1869479012]><>" committed suicide with "player"
L 03/07/2025 - 19:37:57: "Romek Siekiera<19><[U:1:49641711]><>" committed suicide with "player"
L 03/07/2025 - 19:37:57: "White Cone<11><[U:1:274786136]><>" committed suicide with "player"
L 03/07/2025 - 19:37:57: "Thomas_Shelby<12><[U:1:1108508534]><>" committed suicide with "player"
L 03/07/2025 - 19:37:57: "ORBE<13><[U:1:167522292]><>" committed suicide with "player"
L 03/07/2025 - 19:37:57: [META] Loaded 0 plugins (1 already loaded)
L 03/07/2025 - 19:37:57: Log file closed.
