L 03/07/2025 - 22:28:43: Log file started (file "logs/L0307012.log") (game "/home/dmitrii/steamcmd/nmrih_server/nmrih") (version "1140")
L 03/07/2025 - 22:28:43: Loading map "nmo_brooklyn"
L 03/07/2025 - 22:28:43: server cvars start
L 03/07/2025 - 22:28:43: "sourcemod_version" = "1.12.0.7194"
L 03/07/2025 - 22:28:43: "sm_nextmap" = "nmo_cleopas"
L 03/07/2025 - 22:28:43: "metamod_version" = "1.11.0-dev+1156V"
L 03/07/2025 - 22:28:43: "sv_vote_quorum_ratio" = "0.60"
L 03/07/2025 - 22:28:43: "mp_friendlyfire" = "0"
L 03/07/2025 - 22:28:43: "mp_fadetoblack" = "0"
L 03/07/2025 - 22:28:43: "sv_gravity" = "800"
L 03/07/2025 - 22:28:43: "sv_stopspeed" = "100"
L 03/07/2025 - 22:28:43: "sv_noclipaccelerate" = "5"
L 03/07/2025 - 22:28:43: "sv_noclipspeed" = "5"
L 03/07/2025 - 22:28:43: "sv_specaccelerate" = "5"
L 03/07/2025 - 22:28:43: "sv_specspeed" = "3"
L 03/07/2025 - 22:28:43: "sv_specnoclip" = "1"
L 03/07/2025 - 22:28:43: "sv_maxspeed" = "320"
L 03/07/2025 - 22:28:43: "sv_accelerate" = "10"
L 03/07/2025 - 22:28:43: "sv_airaccelerate" = "10"
L 03/07/2025 - 22:28:43: "sv_wateraccelerate" = "10"
L 03/07/2025 - 22:28:43: "sv_waterfriction" = "1"
L 03/07/2025 - 22:28:43: "sv_footsteps" = "1"
L 03/07/2025 - 22:28:43: "sv_rollspeed" = "200"
L 03/07/2025 - 22:28:43: "sv_rollangle" = "0"
L 03/07/2025 - 22:28:43: "sv_friction" = "4"
L 03/07/2025 - 22:28:43: "sv_bounce" = "0"
L 03/07/2025 - 22:28:43: "sv_stepsize" = "18"
L 03/07/2025 - 22:28:43: "r_VehicleViewDampen" = "1"
L 03/07/2025 - 22:28:43: "r_JeepViewDampenFreq" = "7.0"
L 03/07/2025 - 22:28:43: "r_JeepViewDampenDamp" = "1.0"
L 03/07/2025 - 22:28:43: "r_JeepViewZHeight" = "10.0"
L 03/07/2025 - 22:28:43: "r_AirboatViewDampenFreq" = "7.0"
L 03/07/2025 - 22:28:43: "r_AirboatViewDampenDamp" = "1.0"
L 03/07/2025 - 22:28:43: "r_AirboatViewZHeight" = "0.0"
L 03/07/2025 - 22:28:43: "mp_timelimit" = "900"
L 03/07/2025 - 22:28:43: "mp_fraglimit" = "0"
L 03/07/2025 - 22:28:43: "nextlevel" = ""
L 03/07/2025 - 22:28:43: "mp_limitteams" = "2"
L 03/07/2025 - 22:28:43: "sv_alltalk" = "1"
L 03/07/2025 - 22:28:43: "mp_teamplay" = "0"
L 03/07/2025 - 22:28:43: "mp_falldamage" = "0"
L 03/07/2025 - 22:28:43: "mp_weaponstay" = "0"
L 03/07/2025 - 22:28:43: "mp_forcerespawn" = "1"
L 03/07/2025 - 22:28:43: "mp_footsteps" = "1"
L 03/07/2025 - 22:28:43: "mp_flashlight" = "0"
L 03/07/2025 - 22:28:43: "mp_autocrosshair" = "1"
L 03/07/2025 - 22:28:43: "decalfrequency" = "10"
L 03/07/2025 - 22:28:43: "mp_teamlist" = "hgrunt;scientist"
L 03/07/2025 - 22:28:43: "mp_allowNPCs" = "1"
L 03/07/2025 - 22:28:43: "sv_maphack" = "1"
L 03/07/2025 - 22:28:43: "sv_maphack_filename" = ""
L 03/07/2025 - 22:28:43: "sv_difficulty" = "casual"
L 03/07/2025 - 22:28:43: "sv_allow_custom_balance" = "0"
L 03/07/2025 - 22:28:43: "sv_resupplytime" = "60"
L 03/07/2025 - 22:28:43: "sv_maxusrcmdprocessticks" = "24"
L 03/07/2025 - 22:28:43: "sv_steamgroup" = ""
L 03/07/2025 - 22:28:43: "sv_cheats" = "0"
L 03/07/2025 - 22:28:43: "sv_pausable" = "0"
L 03/07/2025 - 22:28:43: "sv_contact" = ""
L 03/07/2025 - 22:28:43: "sv_voiceenable" = "1"
L 03/07/2025 - 22:28:43: "tv_enable" = "0"
L 03/07/2025 - 22:28:43: "deathmatch" = "1"
L 03/07/2025 - 22:28:43: "coop" = "0"
L 03/07/2025 - 22:28:43: "tv_password" = ""
L 03/07/2025 - 22:28:43: "tv_relaypassword" = ""
L 03/07/2025 - 22:28:43: "sv_password" = ""
L 03/07/2025 - 22:28:43: "sv_tags" = "FF:off,anticheat,causal"
L 03/07/2025 - 22:28:43: server cvars end
L 03/07/2025 - 22:28:45: Started map "nmo_brooklyn" (CRC "b6c8209d7f2f047c21021a570daa8605")
L 03/07/2025 - 22:28:46: server_cvar: "sv_tags" "FF:off,anticheat,causal"
L 03/07/2025 - 22:28:46: Log file closed.
