L 03/07/2025 - 20:07:35: Log file started (file "logs/L0307005.log") (game "/home/dmitrii/steamcmd/nmrih_server/nmrih") (version "1140")
L 03/07/2025 - 20:07:40: "White Cone<11><[U:1:274786136]><>" entered the game
L 03/07/2025 - 20:07:40: "Apolo<26><[U:1:315003678]><>" entered the game
L 03/07/2025 - 20:07:41: "PerlaMocna<22><[U:1:1121017625]><>" entered the game
L 03/07/2025 - 20:07:41: "3leonardorios<23><[U:1:1800843724]><>" entered the game
L 03/07/2025 - 20:07:41: "ORBE<13><[U:1:167522292]><>" entered the game
L 03/07/2025 - 20:07:42: "Thomas_Shelby<12><[U:1:1108508534]><>" entered the game
L 03/07/2025 - 20:07:42: "big_nigga<24><[U:1:1865895177]><>" entered the game
L 03/07/2025 - 20:07:52: "Alt<25><[U:1:1772998671]><>" entered the game
L 03/07/2025 - 20:09:51: "Apolo<26><[U:1:315003678]><#SDK_Team_Unassigned>" say "we need a key"
L 03/07/2025 - 20:09:57: "White Cone<11><[U:1:274786136]><#SDK_Team_Unassigned>" say "yyyyyyyyyy"
L 03/07/2025 - 20:10:00: "PerlaMocna<22><[U:1:1121017625]><#SDK_Team_Unassigned>" say "where it could be?"
L 03/07/2025 - 20:10:07: "Apolo<26><[U:1:315003678]><#SDK_Team_Unassigned>" say "Van maybe"
L 03/07/2025 - 20:10:12: "PerlaMocna<22><[U:1:1121017625]><#SDK_Team_Unassigned>" say "on zombies or just layin around"
L 03/07/2025 - 20:10:19: "Alt<25><[U:1:1772998671]><#SDK_Team_Unassigned>" say "i've got key"
L 03/07/2025 - 20:10:21: "PerlaMocna<22><[U:1:1121017625]><#SDK_Team_Unassigned>" say "sry its my first time on this game"
L 03/07/2025 - 20:10:52: "Apolo<26><[U:1:315003678]><#SDK_Team_Unassigned>" say "white u bleeding"
L 03/07/2025 - 20:11:06: "White Cone<11><[U:1:274786136]><>" committed suicide with "player"
L 03/07/2025 - 20:11:28: "Alt<25><[U:1:1772998671]><>" committed suicide with "world"
L 03/07/2025 - 20:12:01: "Thomas_Shelby<12><[U:1:1108508534]><>" committed suicide with "player"
L 03/07/2025 - 20:12:30: "PerlaMocna<22><[U:1:1121017625]><#SDK_Team_Unassigned>" say "there is a crossbow if anyone wants"
L 03/07/2025 - 20:12:37: "ORBE<13><[U:1:167522292]><>" committed suicide with "player"
L 03/07/2025 - 20:13:54: "PerlaMocna<22><[U:1:1121017625]><#SDK_Team_Unassigned>" say "we need a code for armory or sth"
L 03/07/2025 - 20:14:26: "big_nigga<24><[U:1:1865895177]><>" committed suicide with "world"
L 03/07/2025 - 20:14:41: "3leonardorios<23><[U:1:1800843724]><#SDK_Team_Unassigned>" disconnected (reason "Disconnect by user.")
L 03/07/2025 - 20:14:41: "3leonardorios<23><[U:1:1800843724]><>" committed suicide with "player"
L 03/07/2025 - 20:15:42: "White Cone<11><[U:1:274786136]><>" committed suicide with "player"
L 03/07/2025 - 20:16:09: "PerlaMocna<22><[U:1:1121017625]><#SDK_Team_Unassigned>" say "why cant i heal with a bandage"
L 03/07/2025 - 20:16:18: "Apolo<26><[U:1:315003678]><#SDK_Team_Unassigned>" say "u only can heal if bleeding"
L 03/07/2025 - 20:16:25: "PerlaMocna<22><[U:1:1121017625]><>" committed suicide with "player"
L 03/07/2025 - 20:16:29: "PerlaMocna<22><[U:1:1121017625]><#SDK_Team_Unassigned>" say "so why did i die"
L 03/07/2025 - 20:16:37: "WarbringerX<27><[U:1:1842066156]><>" connected, address "41.142.106.75:27005"
L 03/07/2025 - 20:16:37: "WarbringerX<27><[U:1:1842066156]><>" STEAM USERID validated
L 03/07/2025 - 20:16:39: "Alt<25><[U:1:1772998671]><>" committed suicide with "world"
L 03/07/2025 - 20:16:42: "Apolo<26><[U:1:315003678]><#SDK_Team_Unassigned>" say "infection"
L 03/07/2025 - 20:16:45: "Apolo<26><[U:1:315003678]><#SDK_Team_Unassigned>" say "there are pills for it"
L 03/07/2025 - 20:16:49: "PerlaMocna<22><[U:1:1121017625]><#SDK_Team_Unassigned>" say "fair enough"
L 03/07/2025 - 20:16:56: "Apolo<26><[U:1:315003678]><#SDK_Team_Unassigned>" say "but only 2 min extra, if you get infected eventually u will die"
L 03/07/2025 - 20:17:16: "Apolo<26><[U:1:315003678]><#SDK_Team_Unassigned>" say "i a zombie is trying to bite u use V"
L 03/07/2025 - 20:17:21: "Apolo<26><[U:1:315003678]><#SDK_Team_Unassigned>" say "if*"
L 03/07/2025 - 20:17:23: "PerlaMocna<22><[U:1:1121017625]><#SDK_Team_Unassigned>" say "okay thx"
L 03/07/2025 - 20:17:27: "Apolo<26><[U:1:315003678]><#SDK_Team_Unassigned>" say ":)"
L 03/07/2025 - 20:17:29: "WarbringerX<27><[U:1:1842066156]><>" entered the game
L 03/07/2025 - 20:17:41: "Apolo<26><[U:1:315003678]><#SDK_Team_Unassigned>" say "and keep playing like sex: always head"
L 03/07/2025 - 20:19:47: "ORBE<13><[U:1:167522292]><>" committed suicide with "world"
L 03/07/2025 - 20:19:53: "Thomas_Shelby<12><[U:1:1108508534]><>" committed suicide with "world"
L 03/07/2025 - 20:19:57: "Alt<25><[U:1:1772998671]><>" committed suicide with "world"
L 03/07/2025 - 20:20:10: "big_nigga<24><[U:1:1865895177]><#SDK_Team_Unassigned>" say "спасибо"
L 03/07/2025 - 20:20:18: "Apolo<26><[U:1:315003678]><#SDK_Team_Unassigned>" say "english?"
L 03/07/2025 - 20:21:07: "big_nigga<24><[U:1:1865895177]><>" committed suicide with "world"
L 03/07/2025 - 20:21:49: "Apolo<26><[U:1:315003678]><#SDK_Team_Unassigned>" say "keep moving and killing"
L 03/07/2025 - 20:22:09: "PerlaMocna<22><[U:1:1121017625]><#SDK_Team_Unassigned>" say "yessir"
L 03/07/2025 - 20:23:50: "White Cone<11><[U:1:274786136]><>" committed suicide with "player"
L 03/07/2025 - 20:24:38: "big_nigga<24><[U:1:1865895177]><>" committed suicide with "player"
L 03/07/2025 - 20:24:46: "big_nigga<24><[U:1:1865895177]><#SDK_Team_Unassigned>" disconnected (reason "Disconnect by user.")
L 03/07/2025 - 20:24:48: "ORBE<13><[U:1:167522292]><>" committed suicide with "world"
L 03/07/2025 - 20:25:41: "PerlaMocna<22><[U:1:1121017625]><#SDK_Team_Unassigned>" say "does anyone have .308?"
L 03/07/2025 - 20:26:16: "WarbringerX<27><[U:1:1842066156]><>" killed "Thomas_Shelby<12><[U:1:1108508534]><>"
L 03/07/2025 - 20:27:24: "Apolo<26><[U:1:315003678]><#SDK_Team_Unassigned>" say "time to go"
L 03/07/2025 - 20:27:25: "Apolo<26><[U:1:315003678]><#SDK_Team_Unassigned>" say ":)"
L 03/07/2025 - 20:28:00: "Alt<25><[U:1:1772998671]><>" committed suicide with "player"
L 03/07/2025 - 20:28:17: "PerlaMocna<22><[U:1:1121017625]><#SDK_Team_Unassigned>" say "no way"
L 03/07/2025 - 20:28:43: "Apolo<26><[U:1:315003678]><#SDK_Team_Unassigned>" say "F"
L 03/07/2025 - 20:28:45: "PerlaMocna<22><[U:1:1121017625]><#SDK_Team_Unassigned>" say "shit"
L 03/07/2025 - 20:28:51: "Apolo<26><[U:1:315003678]><#SDK_Team_Unassigned>" say "nice "
L 03/07/2025 - 20:28:54: "Apolo<26><[U:1:315003678]><#SDK_Team_Unassigned>" say "we got 4"
L 03/07/2025 - 20:28:55: "Maktraher<28><[U:1:1842408078]><>" connected, address "212.124.2.205:27005"
L 03/07/2025 - 20:28:56: "Maktraher<28><[U:1:1842408078]><>" STEAM USERID validated
L 03/07/2025 - 20:29:01: "Maktraher<28><[U:1:1842408078]><>" entered the game
L 03/07/2025 - 20:29:19: "Alt<25><[U:1:1772998671]><>" committed suicide with "world"
L 03/07/2025 - 20:29:27: "Thomas_Shelby<12><[U:1:1108508534]><#SDK_Team_Unassigned>" disconnected (reason "Disconnect by user.")
L 03/07/2025 - 20:29:27: "Thomas_Shelby<12><[U:1:1108508534]><>" committed suicide with "player"
L 03/07/2025 - 20:29:30: "Apolo<26><[U:1:315003678]><#SDK_Team_Unassigned>" say "lol u guys see something?"
L 03/07/2025 - 20:29:31: "White Cone<11><[U:1:274786136]><#SDK_Team_Unassigned>" disconnected (reason "Disconnect by user.")
L 03/07/2025 - 20:29:31: "White Cone<11><[U:1:274786136]><>" committed suicide with "player"
L 03/07/2025 - 20:29:31: "ORBE<13><[U:1:167522292]><#SDK_Team_Unassigned>" disconnected (reason "Disconnect by user.")
L 03/07/2025 - 20:29:31: "ORBE<13><[U:1:167522292]><>" committed suicide with "player"
L 03/07/2025 - 20:29:32: "PerlaMocna<22><[U:1:1121017625]><#SDK_Team_Unassigned>" say "wtf there was a fucking child running after me lol"
L 03/07/2025 - 20:29:46: Vote succeeded "changelevel nms_midwest"
L 03/07/2025 - 20:29:48: "WarbringerX<27><[U:1:1842066156]><>" committed suicide with "player"
L 03/07/2025 - 20:29:48: "Apolo<26><[U:1:315003678]><>" committed suicide with "player"
L 03/07/2025 - 20:29:48: "PerlaMocna<22><[U:1:1121017625]><>" committed suicide with "player"
L 03/07/2025 - 20:29:48: "Maktraher<28><[U:1:1842408078]><>" committed suicide with "player"
L 03/07/2025 - 20:29:48: "Alt<25><[U:1:1772998671]><>" committed suicide with "player"
L 03/07/2025 - 20:29:48: [META] Loaded 0 plugins (1 already loaded)
L 03/07/2025 - 20:29:48: Log file closed.
