L 03/08/2025 - 00:08:06: Log file started (file "logs/L0308001.log") (game "/home/dmitrii/steamcmd/nmrih_server/nmrih") (version "1140")
L 03/08/2025 - 00:08:06: server_cvar: "sm_nextmap" "nmo_fema"
L 03/08/2025 - 00:08:17: "Blazee<42><[U:1:1127381621]><>" entered the game
L 03/08/2025 - 00:08:23: "Straja Domnească<54><[U:1:1161353521]><>" connected, address "151.18.244.126:7098"
L 03/08/2025 - 00:08:24: "Straja Domnească<54><[U:1:1161353521]><>" STEAM USERID validated
L 03/08/2025 - 00:08:31: "Straja Domnească<54><[U:1:1161353521]><>" entered the game
L 03/08/2025 - 00:08:41: "Blazee<42><[U:1:1127381621]><>" committed suicide with "world"
L 03/08/2025 - 00:09:16: "Straja Domnească<54><[U:1:1161353521]><#SDK_Team_Unassigned>" disconnected (reason "Disconnect by user.")
L 03/08/2025 - 00:09:16: "Straja Domnească<54><[U:1:1161353521]><>" committed suicide with "player"
L 03/08/2025 - 00:31:31: "Blazee<42><[U:1:1127381621]><>" committed suicide with "player"
L 03/08/2025 - 00:53:58: "天空即为极限<55><[U:1:1687712737]><>" connected, address "112.24.203.17:52725"
L 03/08/2025 - 00:53:59: "天空即为极限<55><[U:1:1687712737]><>" STEAM USERID validated
L 03/08/2025 - 00:54:08: "天空即为极限<55><[U:1:1687712737]><>" entered the game
L 03/08/2025 - 00:56:15: "天空即为极限<55><[U:1:1687712737]><#SDK_Team_Unassigned>" disconnected (reason "Disconnect by user.")
L 03/08/2025 - 00:56:15: "天空即为极限<55><[U:1:1687712737]><>" committed suicide with "player"
L 03/08/2025 - 01:00:11: "Blazee<42><[U:1:1127381621]><>" committed suicide with "player"
L 03/08/2025 - 01:18:16: "Blazee<42><[U:1:1127381621]><>" committed suicide with "player"
L 03/08/2025 - 01:18:36: "Blazee<42><[U:1:1127381621]><#SDK_Team_Unassigned>" disconnected (reason "Disconnect by user.")
L 03/08/2025 - 01:18:36: "Blazee<42><[U:1:1127381621]><>" committed suicide with "player"
L 03/08/2025 - 01:43:37: "Скумбрия<56><[U:1:911305736]><>" connected, address "87.150.119.249:27005"
L 03/08/2025 - 01:43:37: "Скумбрия<56><[U:1:911305736]><>" STEAM USERID validated
L 03/08/2025 - 01:44:29: "Скумбрия<56><[U:1:911305736]><>" entered the game
L 03/08/2025 - 01:46:58: Vote succeeded "restart "
L 03/08/2025 - 02:01:25: "Скумбрия<56><[U:1:911305736]><>" committed suicide with "world"
L 03/08/2025 - 02:07:07: "docvaz3<57><[U:1:1783568003]><>" connected, address "80.83.235.81:38951"
L 03/08/2025 - 02:07:08: "docvaz3<57><[U:1:1783568003]><>" STEAM USERID validated
L 03/08/2025 - 02:07:15: "docvaz3<57><[U:1:1783568003]><>" entered the game
L 03/08/2025 - 02:18:26: "Prazca<58><[U:1:1270149551]><>" connected, address "109.76.136.189:27005"
L 03/08/2025 - 02:18:26: "Prazca<58><[U:1:1270149551]><>" STEAM USERID validated
L 03/08/2025 - 02:18:33: "Prazca<58><[U:1:1270149551]><>" entered the game
L 03/08/2025 - 02:21:40: "docvaz3<57><[U:1:1783568003]><>" committed suicide with "world"
L 03/08/2025 - 02:22:33: "Скумбрия<56><[U:1:911305736]><>" committed suicide with "world"
L 03/08/2025 - 02:22:39: "Prazca<58><[U:1:1270149551]><>" committed suicide with "world"
L 03/08/2025 - 02:23:01: "docvaz3<57><[U:1:1783568003]><#SDK_Team_Unassigned>" disconnected (reason "Disconnect by user.")
L 03/08/2025 - 02:23:56: "Скумбрия<56><[U:1:911305736]><>" committed suicide with "world"
L 03/08/2025 - 02:24:45: "Скумбрия<56><[U:1:911305736]><>" committed suicide with "world"
L 03/08/2025 - 02:25:09: "Prazca<58><[U:1:1270149551]><>" committed suicide with "world"
L 03/08/2025 - 02:25:55: "Белый Медведь<59><[U:1:1851744608]><>" connected, address "37.212.3.45:1093"
L 03/08/2025 - 02:25:55: "Белый Медведь<59><[U:1:1851744608]><>" STEAM USERID validated
L 03/08/2025 - 02:26:14: "Белый Медведь<59><[U:1:1851744608]><>" entered the game
L 03/08/2025 - 02:35:02: "Cannibal<60><[U:1:51499693]><>" connected, address "76.70.90.147:27005"
L 03/08/2025 - 02:35:02: "Cannibal<60><[U:1:51499693]><>" STEAM USERID validated
L 03/08/2025 - 02:35:12: "Cannibal<60><[U:1:51499693]><>" entered the game
L 03/08/2025 - 02:40:39: "Prazca<58><[U:1:1270149551]><>" committed suicide with "world"
L 03/08/2025 - 02:43:44: "Белый Медведь<59><[U:1:1851744608]><#SDK_Team_Unassigned>" say "need pills please"
L 03/08/2025 - 02:43:54: "Скумбрия<56><[U:1:911305736]><#SDK_Team_Unassigned>" say "where"
L 03/08/2025 - 02:43:59: "Скумбрия<56><[U:1:911305736]><#SDK_Team_Unassigned>" say "you"
L 03/08/2025 - 02:44:02: "Белый Медведь<59><[U:1:1851744608]><#SDK_Team_Unassigned>" say "в магазине"
L 03/08/2025 - 02:45:00: "小猫喵<61><[U:1:1519246020]><>" connected, address "39.144.191.65:48596"
L 03/08/2025 - 02:45:00: "小猫喵<61><[U:1:1519246020]><>" STEAM USERID validated
L 03/08/2025 - 02:45:09: "小猫喵<61><[U:1:1519246020]><>" entered the game
L 03/08/2025 - 02:45:14: "Скумбрия<56><[U:1:911305736]><>" committed suicide with "world"
L 03/08/2025 - 02:46:10: "Дядя Вова<62><[U:1:1099283226]><>" connected, address "92.124.204.128:9435"
L 03/08/2025 - 02:46:10: "Дядя Вова<62><[U:1:1099283226]><>" STEAM USERID validated
L 03/08/2025 - 02:46:22: "Дядя Вова<62><[U:1:1099283226]><>" entered the game
L 03/08/2025 - 02:48:07: "Белый Медведь<59><[U:1:1851744608]><>" committed suicide with "player"
L 03/08/2025 - 02:48:52: "小猫喵<61><[U:1:1519246020]><>" committed suicide with "world"
L 03/08/2025 - 02:50:01: "Белый Медведь<59><[U:1:1851744608]><>" committed suicide with "world"
L 03/08/2025 - 02:50:06: "Скумбрия<56><[U:1:911305736]><#SDK_Team_Unassigned>" say "go nmo_cabin??"
L 03/08/2025 - 02:50:25: "Cannibal<60><[U:1:51499693]><#SDK_Team_Unassigned>" disconnected (reason "Disconnect by user.")
L 03/08/2025 - 02:50:25: "Cannibal<63><[U:1:51499693]><>" connected, address "76.70.90.147:27005"
L 03/08/2025 - 02:50:25: "Cannibal<63><[U:1:51499693]><>" STEAM USERID validated
L 03/08/2025 - 02:50:29: "Cannibal<63><[U:1:51499693]><>" entered the game
L 03/08/2025 - 02:50:39: "Cannibal<63><[U:1:51499693]><#SDK_Team_Unassigned>" disconnected (reason "Disconnect by user.")
L 03/08/2025 - 02:50:39: "Cannibal<63><[U:1:51499693]><>" committed suicide with "player"
L 03/08/2025 - 02:50:46: Vote succeeded "changelevel nmo_cabin"
L 03/08/2025 - 02:50:48: "Скумбрия<56><[U:1:911305736]><>" committed suicide with "player"
L 03/08/2025 - 02:50:48: "Белый Медведь<59><[U:1:1851744608]><>" committed suicide with "player"
L 03/08/2025 - 02:50:48: "Prazca<58><[U:1:1270149551]><>" committed suicide with "player"
L 03/08/2025 - 02:50:48: "小猫喵<61><[U:1:1519246020]><>" committed suicide with "player"
L 03/08/2025 - 02:50:48: "Дядя Вова<62><[U:1:1099283226]><>" committed suicide with "player"
L 03/08/2025 - 02:50:48: [META] Loaded 0 plugins (1 already loaded)
L 03/08/2025 - 02:50:48: Log file closed.
