L 03/08/2025 - 06:55:44: Log file started (file "logs/L0308005.log") (game "/home/dmitrii/steamcmd/nmrih_server/nmrih") (version "1140")
L 03/08/2025 - 06:55:53: "The baby<67><[U:1:1054571778]><>" entered the game
L 03/08/2025 - 07:03:23: "Шоколадный Вилли<70><[U:1:251502227]><>" connected, address "109.106.140.215:60143"
L 03/08/2025 - 07:03:24: "Шоколадный Вилли<70><[U:1:251502227]><>" STEAM USERID validated
L 03/08/2025 - 07:03:49: "Шоколадный Вилли<70><[U:1:251502227]><>" entered the game
L 03/08/2025 - 07:05:17: "Шоколадный Вилли<70><[U:1:251502227]><#SDK_Team_Unassigned>" say "привет"
L 03/08/2025 - 07:05:57: "The baby<67><[U:1:1054571778]><>" committed suicide with "player"
L 03/08/2025 - 07:09:36: "Шоколадный Вилли<70><[U:1:251502227]><>" committed suicide with "world"
L 03/08/2025 - 07:09:41: "Шоколадный Вилли<70><[U:1:251502227]><#SDK_Team_Unassigned>" say "ебец"
L 03/08/2025 - 07:09:55: "Шоколадный Вилли<70><[U:1:251502227]><#SDK_Team_Unassigned>" disconnected (reason "Disconnect by user.")
L 03/08/2025 - 07:09:55: "Шоколадный Вилли<70><[U:1:251502227]><>" committed suicide with "player"
L 03/08/2025 - 07:13:01: "The baby<67><[U:1:1054571778]><#SDK_Team_Unassigned>" disconnected (reason "Disconnect by user.")
L 03/08/2025 - 07:13:01: "The baby<67><[U:1:1054571778]><>" committed suicide with "player"
L 03/08/2025 - 13:33:19: "tyfus<71><[U:1:1147229329]><>" connected, address "46.205.203.10:20473"
L 03/08/2025 - 13:33:20: "tyfus<71><[U:1:1147229329]><>" STEAM USERID validated
L 03/08/2025 - 13:33:56: "tyfus<71><[U:1:1147229329]><>" entered the game
L 03/08/2025 - 13:34:51: "tyfus<71><[U:1:1147229329]><#SDK_Team_Unassigned>" disconnected (reason "Disconnect by user.")
L 03/08/2025 - 13:34:51: "tyfus<71><[U:1:1147229329]><>" committed suicide with "player"
L 03/08/2025 - 13:42:30: "Скумбрия<72><[U:1:911305736]><>" connected, address "87.150.119.249:27005"
L 03/08/2025 - 13:42:30: "Скумбрия<72><[U:1:911305736]><>" STEAM USERID validated
L 03/08/2025 - 13:43:35: "Скумбрия<72><[U:1:911305736]><>" entered the game
L 03/08/2025 - 13:44:15: "Скумбрия<72><[U:1:911305736]><#SDK_Team_Unassigned>" disconnected (reason "Disconnect by user.")
L 03/08/2025 - 13:44:15: "Скумбрия<72><[U:1:911305736]><>" committed suicide with "player"
L 03/08/2025 - 13:45:53: "Скумбрия<73><[U:1:911305736]><>" connected, address "87.150.119.249:27005"
L 03/08/2025 - 13:45:53: "Скумбрия<73><[U:1:911305736]><>" STEAM USERID validated
L 03/08/2025 - 13:46:26: "Скумбрия<73><[U:1:911305736]><>" entered the game
L 03/08/2025 - 13:48:23: "Скумбрия<73><[U:1:911305736]><#SDK_Team_Unassigned>" disconnected (reason "Disconnect by user.")
L 03/08/2025 - 13:48:23: "Скумбрия<73><[U:1:911305736]><>" committed suicide with "player"
L 03/08/2025 - 14:19:40: "pupsikbrat999<74><[U:1:1838811502]><>" connected, address "89.64.49.227:28049"
L 03/08/2025 - 14:19:40: "pupsikbrat999<74><[U:1:1838811502]><>" STEAM USERID validated
L 03/08/2025 - 14:19:50: "pupsikbrat999<74><[U:1:1838811502]><>" entered the game
L 03/08/2025 - 14:21:38: "pupsikbrat999<74><[U:1:1838811502]><>" committed suicide with "world"
L 03/08/2025 - 14:21:43: "pupsikbrat999<74><[U:1:1838811502]><#SDK_Team_Unassigned>" disconnected (reason "Disconnect by user.")
L 03/08/2025 - 14:21:43: "pupsikbrat999<74><[U:1:1838811502]><>" committed suicide with "player"
L 03/08/2025 - 15:35:05: "The_Itachi<75><[U:1:1785823289]><>" connected, address "5.216.227.129:27005"
L 03/08/2025 - 15:35:06: "The_Itachi<75><[U:1:1785823289]><>" STEAM USERID validated
L 03/08/2025 - 15:36:04: "The_Itachi<75><[U:1:1785823289]><>" entered the game
L 03/08/2025 - 15:36:43: "The_Itachi<75><[U:1:1785823289]><>" committed suicide with "world"
L 03/08/2025 - 15:40:23: "The_Itachi<75><[U:1:1785823289]><>" committed suicide with "world"
L 03/08/2025 - 15:41:02: "The_Itachi<75><[U:1:1785823289]><>" committed suicide with "world"
L 0