L 03/07/2025 - 23:47:15: Log file started (file "logs/L0307017.log") (game "/home/dmitrii/steamcmd/nmrih_server/nmrih") (version "1140")
L 03/07/2025 - 23:47:21: "Aberron.<49><[U:1:207337242]><>" entered the game
L 03/07/2025 - 23:47:24: "IsovskoyShoegazer<48><[U:1:279562162]><>" entered the game
L 03/07/2025 - 23:47:27: "DarkRven<45><[U:1:1275153617]><>" entered the game
L 03/07/2025 - 23:47:28: "IAmTorta<47><[U:1:902988896]><>" entered the game
L 03/07/2025 - 23:47:32: "Blazee<42><[U:1:1127381621]><>" entered the game
L 03/07/2025 - 23:47:50: "IAmTorta<47><[U:1:902988896]><#SDK_Team_Unassigned>" say "SHARIFF DONT LIKE IT"
L 03/07/2025 - 23:47:54: "IAmTorta<47><[U:1:902988896]><#SDK_Team_Unassigned>" say "ROCKIN THE CASBAH"
L 03/07/2025 - 23:47:57: "IAmTorta<47><[U:1:902988896]><#SDK_Team_Unassigned>" say "ROCKIN THE CASBAH"
L 03/07/2025 - 23:48:02: "IAmTorta<47><[U:1:902988896]><#SDK_Team_Unassigned>" say "SHARRIFF DONT LIKEEE IT"
L 03/07/2025 - 23:48:12: "IAmTorta<47><[U:1:902988896]><#SDK_Team_Unassigned>" say "(SAYS ITS NOT KOSHER!!!)"
L 03/07/2025 - 23:48:15: "IAmTorta<47><[U:1:902988896]><#SDK_Team_Unassigned>" say "ROCKING THE CASBAH"
L 03/07/2025 - 23:48:37: "IAmTorta<47><[U:1:902988896]><#SDK_Team_Unassigned>" say "I GOT pills"
L 03/07/2025 - 23:48:38: "IAmTorta<47><[U:1:902988896]><#SDK_Team_Unassigned>" say "oops"
L 03/07/2025 - 23:48:42: "IAmTorta<47><[U:1:902988896]><#SDK_Team_Unassigned>" say "i got pills if need any guys"
L 03/07/2025 - 23:48:56: "buggus<50><[U:1:66462166]><>" connected, address "86.155.75.119:27005"
L 03/07/2025 - 23:48:56: "buggus<50><[U:1:66462166]><>" STEAM USERID validated
L 03/07/2025 - 23:49:01: "buggus<50><[U:1:66462166]><>" entered the game
L 03/07/2025 - 23:50:01: "RAMPAGE<51><[U:1:1868927054]><>" connected, address "217.164.110.4:27005"
L 03/07/2025 - 23:50:01: "RAMPAGE<51><[U:1:1868927054]><>" STEAM USERID validated
L 03/07/2025 - 23:50:09: "RAMPAGE<51><[U:1:1868927054]><>" entered the game
L 03/07/2025 - 23:53:46: "RAMPAGE<51><[U:1:1868927054]><>" committed suicide with "world"
L 03/07/2025 - 23:54:52: "DarkRven<45><[U:1:1275153617]><>" committed suicide with "world"
L 03/07/2025 - 23:55:19: "Blazee<42><[U:1:1127381621]><#SDK_Team_Unassigned>" say "need pills"
L 03/07/2025 - 23:55:32: "IAmTorta<47><[U:1:902988896]><#SDK_Team_Unassigned>" say "blaze here"
L 03/07/2025 - 23:55:35: "IAmTorta<47><[U:1:902988896]><#SDK_Team_Unassigned>" say "by the door"
L 03/07/2025 - 23:56:18: "RAMPAGE<51><[U:1:1868927054]><#SDK_Team_Unassigned>" disconnected (reason "Disconnect by user.")
L 03/07/2025 - 23:56:18: "RAMPAGE<51><[U:1:1868927054]><>" committed suicide with "player"
L 03/07/2025 - 23:56:28: "Blazee<42><[U:1:1127381621]><#SDK_Team_Unassigned>" say "torta grab this"
L 03/07/2025 - 23:56:37: "IAmTorta<47><[U:1:902988896]><#SDK_Team_Unassigned>" say "thanks"
L 03/07/2025 - 23:56:58: "Blackviruz<52><[U:1:356106942]><>" connected, address "178.238.175.247:52340"
L 03/07/2025 - 23:56:59: "Blackviruz<52><[U:1:356106942]><>" STEAM USERID validated
L 03/07/2025 - 23:57:17: "Blackviruz<52><[U:1:356106942]><>" entered the game
L 03/07/2025 - 23:58:20: "DarkRven<45><[U:1:1275153617]><>" committed suicide with "world"
L 03/07/2025 - 23:58:40: "IAmTorta<47><[U:1:902988896]><>" committed suicide with "world"
L 03/08/2025 - 00:00:32: "Blazee<42><[U:1:1127381621]><>" killed "IsovskoyShoegazer<48><[U:1:279562162]><>"
L 03/08/2025 - 00:00:36: "Blazee<42><[U:1:1127381621]><#SDK_Team_Unassigned>" say "sorry"
L 03/08/2025 - 00:01:32: "Blazee<42><[U:1:1127381621]><>" killed "Aberron.<49><[U:1:207337242]><>"
L 03/08/2025 - 00:02:34: "IAmTorta<47><[U:1:902988896]><#SDK_Team_Unassigned>" say "shit i threw some flares away"
L 03/08/2025 - 00:02:36: "IAmTorta<47><[U:1:902988896]><#SDK_Team_Unassigned>" say "earlier"
L 03/08/2025 - 00:02:38: "IAmTorta<47><[U:1:902988896]><#SDK_Team_Unassigned>" say "no flare gun though"
L 03/08/2025 - 00:05:55: "IAmTorta<47><[U:1:902988896]><#SDK_Team_Unassigned>" say "go go go"
L 03/08/2025 - 00:06:02: "IAmTorta<47><[U:1:902988896]><#SDK_Team_Unassigned>" say "its here"
L 03/08/2025 - 00:06:13: "IAmTorta<47><[U:1:902988896]><#SDK_Team_Unassigned>" say "ohj no"
L 03/08/2025 - 00:06:35: "天空即为极限<53><[U:1:1687712737]><>" connected, address "112.24.203.17:52265"
L 03/08/2025 - 00:06:36: "天空即为极限<53><[U:1:1687712737]><>" STEAM USERID validated
L 03/08/2025 - 00:06:40: "IAmTorta<47><[U:1:902988896]><>" committed suicide with "world"
L 03/08/2025 - 00:06:42: "IAmTorta<47><[U:1:902988896]><#SDK_Team_Unassigned>" say "BRUH"
L 03/08/2025 - 00:06:45: "Blazee<42><[U:1:1127381621]><#SDK_Team_Unassigned>" say "lol"
L 03/08/2025 - 00:06:47: "IAmTorta<47><[U:1:902988896]><#SDK_Team_Unassigned>" say "i fell off"
L 03/08/2025 - 00:06:50: "Blackviruz<52><[U:1:356106942]><#SDK_Team_Unassigned>" say "lol"
L 03/08/2025 - 00:07:04: "天空即为极限<53><[U:1:1687712737]><>" entered the game
L 03/08/2025 - 00:07:07: "IsovskoyShoegazer<48><[U:1:279562162]><#SDK_Team_Unassigned>" disconnected (reason "Disconnect by user.")
L 03/08/2025 - 00:07:07: "IsovskoyShoegazer<48><[U:1:279562162]><>" committed suicide with "player"
L 03/08/2025 - 00:07:21: "DarkRven<45><[U:1:1275153617]><#SDK_Team_Unassigned>" disconnected (reason "Disconnect by user.")
L 03/08/2025 - 00:07:21: "DarkRven<45><[U:1:1275153617]><>" committed suicide with "player"
L 03/08/2025 - 00:07:25: "buggus<50><[U:1:66462166]><>" committed suicide with "player"
L 03/08/2025 - 00:07:27: "Aberron.<49><[U:1:207337242]><#SDK_Team_Unassigned>" disconnected (reason "Disconnect by user.")
L 03/08/2025 - 00:07:27: "Aberron.<49><[U:1:207337242]><>" committed suicide with "player"
L 03/08/2025 - 00:07:35: "buggus<50><[U:1:66462166]><>" committed suicide with "player"
L 03/08/2025 - 00:07:37: "buggus<50><[U:1:66462166]><#SDK_Team_Unassigned>" disconnected (reason "Disconnect by user.")
L 03/08/2025 - 00:07:41: "IAmTorta<47><[U:1:902988896]><#SDK_Team_Unassigned>" disconnected (reason "Disconnect by user.")
L 03/08/2025 - 00:07:41: "IAmTorta<47><[U:1:902988896]><>" committed suicide with "player"
L 03/08/2025 - 00:07:47: "Blackviruz<52><[U:1:356106942]><#SDK_Team_Unassigned>" disconnected (reason "Disconnect by user.")
L 03/08/2025 - 00:07:47: "Blackviruz<52><[U:1:356106942]><>" committed suicide with "player"
L 03/08/2025 - 00:07:52: "天空即为极限<53><[U:1:1687712737]><#SDK_Team_Unassigned>" disconnected (reason "Disconnect by user.")
L 03/08/2025 - 00:07:52: "天空即为极限<53><[U:1:1687712737]><>" committed suicide with "player"
L 03/08/2025 - 00:08:00: Vote succeeded "changelevel nmo_cleopas"
L 03/08/2025 - 00:08:02: "Blazee<42><[U:1:1127381621]><>" committed suicide with "player"
L 03/08/2025 - 00:08:02: [META] Loaded 0 plugins (1 already loaded)
L 03/08/2025 - 00:08:03: Log file closed.
